{"numTotalTestSuites":18,"numPassedTestSuites":18,"numFailedTestSuites":0,"numPendingTestSuites":0,"numTotalTests":51,"numPassedTests":51,"numFailedTests":0,"numPendingTests":0,"numTodoTests":0,"snapshot":{"added":0,"failure":false,"filesAdded":0,"filesRemoved":0,"filesRemovedList":[],"filesUnmatched":0,"filesUpdated":0,"matched":0,"total":0,"unchecked":0,"uncheckedKeysByFile":[],"unmatched":0,"updated":0,"didUpdate":false},"startTime":1784394876823,"success":true,"testResults":[{"assertionResults":[{"ancestorTitles":["ACL contract: sensitivity"],"fullName":"ACL contract: sensitivity INV-5: sensitivity exceeding actor clearance is denied","status":"passed","title":"INV-5: sensitivity exceeding actor clearance is denied","duration":1.274499999999989,"failureMessages":[],"meta":{}}],"startTime":1784394880510,"endTime":1784394880511.2744,"status":"passed","message":"","name":"/private/tmp/brainbase-graph-data-ssot/tests/access-contracts/invariants/inv-5-sensitivity.test.js"},{"assertionResults":[{"ancestorTitles":["ACL contract: role_min"],"fullName":"ACL contract: role_min INV-6: role_min above actor role rank is denied","status":"passed","title":"INV-6: role_min above actor role rank is denied","duration":1.1549999999999727,"failureMessages":[],"meta":{}}],"startTime":1784394880858,"endTime":1784394880859.155,"status":"passed","message":"","name":"/private/tmp/brainbase-graph-data-ssot/tests/access-contracts/invariants/inv-6-role-min.test.js"},{"assertionResults":[{"ancestorTitles":["AuthService auth grant precedence"],"fullName":"AuthService auth grant precedence refresh時もgrant権限を使いながらログイン時と同じGraph人物IDを維持する","status":"passed","title":"refresh時もgrant権限を使いながらログイン時と同じGraph人物IDを維持する","duration":3.537540999999976,"failureMessages":[],"meta":{}},{"ancestorTitles":["AuthService auth grant precedence"],"fullName":"AuthService auth grant precedence uses auth_grants project_codes even when users.project_codes is an empty stale array","status":"passed","title":"uses auth_grants project_codes even when users.project_codes is an empty stale array","duration":0.45695800000004283,"failureMessages":[],"meta":{}},{"ancestorTitles":["AuthService auth grant precedence"],"fullName":"AuthService auth grant precedence requires an active grant for the exact Slack workspace when authenticating","status":"passed","title":"requires an active grant for the exact Slack workspace when authenticating","duration":0.2945420000000354,"failureMessages":[],"meta":{}},{"ancestorTitles":["AuthService auth grant precedence"],"fullName":"AuthService auth grant precedence uses only the grant for the exact Slack user and workspace pair","status":"passed","title":"uses only the grant for the exact Slack user and workspace pair","duration":0.751166000000012,"failureMessages":[],"meta":{}}],"startTime":1784394879405,"endTime":1784394879409.7512,"status":"passed","message":"","name":"/private/tmp/brainbase-graph-data-ssot/tests/unit/auth-service-grants.test.js"},{"assertionResults":[{"ancestorTitles":["normalize-graph-data-ssot"],"fullName":"normalize-graph-data-ssot future personal-record seeds write the canonical Unson organization ID","status":"passed","title":"future personal-record seeds write the canonical Unson organization ID","duration":1.641458000000057,"failureMessages":[],"meta":{}},{"ancestorTitles":["normalize-graph-data-ssot"],"fullName":"normalize-graph-data-ssot repoints exact legacy IDs without rewriting prose substrings","status":"passed","title":"repoints exact legacy IDs without rewriting prose substrings","duration":0.8051659999999856,"failureMessages":[],"meta":{}},{"ancestorTitles":["normalize-graph-data-ssot"],"fullName":"normalize-graph-data-ssot converts BAAO absolute source paths to repository-relative paths and drops other personal paths","status":"passed","title":"converts BAAO absolute source paths to repository-relative paths and drops other personal paths","duration":0.6090000000000373,"failureMessages":[],"meta":{}},{"ancestorTitles":["normalize-graph-data-ssot"],"fullName":"normalize-graph-data-ssot merges richer organization fields into the canonical record without finance data","status":"passed","title":"merges richer organization fields into the canonical record without finance data","duration":2.206207999999947,"failureMessages":[],"meta":{}},{"ancestorTitles":["normalize-graph-data-ssot"],"fullName":"normalize-graph-data-ssot keeps legacy org IDs as auditable aliases pointing to the canonical ID","status":"passed","title":"keeps legacy org IDs as auditable aliases pointing to the canonical ID","duration":0.18733300000008057,"failureMessages":[],"meta":{}},{"ancestorTitles":["normalize-graph-data-ssot"],"fullName":"normalize-graph-data-ssot reports an idempotent post-apply plan without exposing payload values","status":"passed","title":"reports an idempotent post-apply plan without exposing payload values","duration":7.115792000000056,"failureMessages":[],"meta":{}},{"ancestorTitles":["normalize-graph-data-ssot"],"fullName":"normalize-graph-data-ssot summarizes audit rows as redacted deterministic set and content hashes","status":"passed","title":"summarizes audit rows as redacted deterministic set and content hashes","duration":0.41608400000006895,"failureMessages":[],"meta":{}},{"ancestorTitles":["normalize-graph-data-ssot"],"fullName":"normalize-graph-data-ssot writes the targeted backup with owner-only directory and file permissions","status":"passed","title":"writes the targeted backup with owner-only directory and file permissions","duration":7.303999999999974,"failureMessages":[],"meta":{}},{"ancestorTitles":["normalize-graph-data-ssot"],"fullName":"normalize-graph-data-ssot rehearses rollback as one transaction limited to backed-up IDs","status":"passed","title":"rehearses rollback as one transaction limited to backed-up IDs","duration":5.058084000000008,"failureMessages":[],"meta":{}},{"ancestorTitles":["normalize-graph-data-ssot"],"fullName":"normalize-graph-data-ssot rolls back the rollback transaction when a restore statement fails","status":"passed","title":"rolls back the rollback transaction when a restore statement fails","duration":4.549916999999937,"failureMessages":[],"meta":{}},{"ancestorTitles":["normalize-graph-data-ssot"],"fullName":"normalize-graph-data-ssot rejects malformed backup JSON before issuing SQL","status":"passed","title":"rejects malformed backup JSON before issuing SQL","duration":1.7088750000000346,"failureMessages":[],"meta":{}},{"ancestorTitles":["normalize-graph-data-ssot"],"fullName":"normalize-graph-data-ssot rejects schema-invalid backup before issuing SQL","status":"passed","title":"rejects schema-invalid backup before issuing SQL","duration":2.6985409999999774,"failureMessages":[],"meta":{}},{"ancestorTitles":["normalize-graph-data-ssot"],"fullName":"normalize-graph-data-ssot rejects backup rows missing required restore columns before issuing SQL","status":"passed","title":"rejects backup rows missing required restore columns before issuing SQL","duration":2.2868330000000014,"failureMessages":[],"meta":{}},{"ancestorTitles":["normalize-graph-data-ssot"],"fullName":"normalize-graph-data-ssot rejects backup rows outside the enumerated target IDs","status":"passed","title":"rejects backup rows outside the enumerated target IDs","duration":0.17779200000006767,"failureMessages":[],"meta":{}},{"ancestorTitles":["normalize-graph-data-ssot"],"fullName":"normalize-graph-data-ssot rolls back a persistence failure inside the shared apply transaction envelope","status":"passed","title":"rolls back a persistence failure inside the shared apply transaction envelope","duration":0.29099999999994,"failureMessages":[],"meta":{}},{"ancestorTitles":["normalize-graph-data-ssot"],"fullName":"normalize-graph-data-ssot closes the pool when database authentication is denied before a transaction starts","status":"passed","title":"closes the pool when database authentication is denied before a transaction starts","duration":0.6362910000000284,"failureMessages":[],"meta":{}}],"startTime":1784394877408,"endTime":1784394877446.6362,"status":"passed","message":"","name":"/private/tmp/brainbase-graph-data-ssot/tests/unit/normalize-graph-data-ssot.test.js"},{"assertionResults":[{"ancestorTitles":["vibepro-graph-ssot-check"],"fullName":"vibepro-graph-ssot-check Graph APIのrecords/entities両形式を正規化する","status":"passed","title":"Graph APIのrecords/entities両形式を正規化する","duration":0.9991249999999923,"failureMessages":[],"meta":{}},{"ancestorTitles":["vibepro-graph-ssot-check"],"fullName":"vibepro-graph-ssot-check Graph API tokenとbrainbase権限ヘッダーを組み立てる","status":"passed","title":"Graph API tokenとbrainbase権限ヘッダーを組み立てる","duration":0.39612499999998363,"failureMessages":[],"meta":{}},{"ancestorTitles":["vibepro-graph-ssot-check"],"fullName":"vibepro-graph-ssot-check VibeProに必要なGraph SSOT entityとphilosophy contextを検証する","status":"passed","title":"VibeProに必要なGraph SSOT entityとphilosophy contextを検証する","duration":0.9042500000000473,"failureMessages":[],"meta":{}}],"startTime":1784394880151,"endTime":1784394880153.9043,"status":"passed","message":"","name":"/private/tmp/brainbase-graph-data-ssot/tests/unit/vibepro-graph-ssot-check.test.js"},{"assertionResults":[{"ancestorTitles":["InfoSSOTController Graph entity read contract"],"fullName":"InfoSSOTController Graph entity read contract id/ids/typeをserviceへ渡してlegacy typed getを可能にする","status":"passed","title":"id/ids/typeをserviceへ渡してlegacy typed getを可能にする","duration":2.436458000000016,"failureMessages":[],"meta":{}}],"startTime":1784394879742,"endTime":1784394879744.4365,"status":"passed","message":"","name":"/private/tmp/brainbase-graph-data-ssot/tests/server/controllers/info-ssot-controller.test.js"},{"assertionResults":[{"ancestorTitles":["Info SSOT context route"],"fullName":"Info SSOT context route GET /api/info/context呼び出し時_philosophy queryをServiceへ渡す","status":"passed","title":"GET /api/info/context呼び出し時_philosophy queryをServiceへ渡す","duration":14.811374999999998,"failureMessages":[],"meta":{}}],"startTime":1784394878022,"endTime":1784394878036.8113,"status":"passed","message":"","name":"/private/tmp/brainbase-graph-data-ssot/tests/server/routes/info-ssot-context.test.js"},{"assertionResults":[{"ancestorTitles":["InfoSSOTService (Graph SSOT)"],"fullName":"InfoSSOTService (Graph SSOT) getPersonBySlackIdは有効なgrantを確認しGraph人物へ紐づくusersのperson_idを優先する","status":"passed","title":"getPersonBySlackIdは有効なgrantを確認しGraph人物へ紐づくusersのperson_idを優先する","duration":19.60062499999998,"failureMessages":[],"meta":{}},{"ancestorTitles":["InfoSSOTService (Graph SSOT)"],"fullName":"InfoSSOTService (Graph SSOT) getContext呼び出し時_includePhilosophy未指定_既存レスポンスを維持する","status":"passed","title":"getContext呼び出し時_includePhilosophy未指定_既存レスポンスを維持する","duration":1.303875000000005,"failureMessages":[],"meta":{}},{"ancestorTitles":["InfoSSOTService (Graph SSOT)"],"fullName":"InfoSSOTService (Graph SSOT) listGraphEntities呼び出し時_id指定はlimit付き一覧ではなくID検索を使う","status":"passed","title":"listGraphEntities呼び出し時_id指定はlimit付き一覧ではなくID検索を使う","duration":0.8536250000000223,"failureMessages":[],"meta":{}},{"ancestorTitles":["InfoSSOTService (Graph SSOT)"],"fullName":"InfoSSOTService (Graph SSOT) 旧org IDのtyped getはalias行ではなくcanonical orgへ解決する","status":"passed","title":"旧org IDのtyped getはalias行ではなくcanonical orgへ解決する","duration":0.3682080000000383,"failureMessages":[],"meta":{}},{"ancestorTitles":["InfoSSOTService (Graph SSOT)"],"fullName":"InfoSSOTService (Graph SSOT) 旧person IDのtyped getはcanonical personへ解決する","status":"passed","title":"旧person IDのtyped getはcanonical personへ解決する","duration":0.8253330000000005,"failureMessages":[],"meta":{}},{"ancestorTitles":["InfoSSOTService (Graph SSOT)"],"fullName":"InfoSSOTService (Graph SSOT) org/personの型付き一覧はalias解決を行わずcanonical型だけを列挙する","status":"passed","title":"org/personの型付き一覧はalias解決を行わずcanonical型だけを列挙する","duration":2.3544160000000147,"failureMessages":[],"meta":{}},{"ancestorTitles":["InfoSSOTService (Graph SSOT)"],"fullName":"InfoSSOTService (Graph SSOT) listGraphEntities呼び出し時_queryをGraph検索へ渡す","status":"passed","title":"listGraphEntities呼び出し時_queryをGraph検索へ渡す","duration":0.7515000000000214,"failureMessages":[],"meta":{}},{"ancestorTitles":["InfoSSOTService (Graph SSOT)"],"fullName":"InfoSSOTService (Graph SSOT) finance entityは呼出元のclearanceとroleをDB検索条件で同時に制約する","status":"passed","title":"finance entityは呼出元のclearanceとroleをDB検索条件で同時に制約する","duration":0.6104589999999916,"failureMessages":[],"meta":{}},{"ancestorTitles":["InfoSSOTService (Graph SSOT)"],"fullName":"InfoSSOTService (Graph SSOT) member/internalからfinance entityはID・型の双方で不可視、ceo/financeでは可視になる","status":"passed","title":"member/internalからfinance entityはID・型の双方で不可視、ceo/financeでは可視になる","duration":1.60450000000003,"failureMessages":[],"meta":{}},{"ancestorTitles":["InfoSSOTService (Graph SSOT)"],"fullName":"InfoSSOTService (Graph SSOT) getContext呼び出し時_includePhilosophy有効_scope別思想contextを返す","status":"passed","title":"getContext呼び出し時_includePhilosophy有効_scope別思想contextを返す","duration":1.1212080000000242,"failureMessages":[],"meta":{}},{"ancestorTitles":["InfoSSOTService (Graph SSOT)"],"fullName":"InfoSSOTService (Graph SSOT) getContext呼び出し時_includePhilosophy有効でcore思想がない場合_失敗する","status":"passed","title":"getContext呼び出し時_includePhilosophy有効でcore思想がない場合_失敗する","duration":0.6220840000000294,"failureMessages":[],"meta":{}},{"ancestorTitles":["InfoSSOTService (Graph SSOT)"],"fullName":"InfoSSOTService (Graph SSOT) createDecision writes graph entity and edges","status":"passed","title":"createDecision writes graph entity and edges","duration":1.1853750000000218,"failureMessages":[],"meta":{}},{"ancestorTitles":["InfoSSOTService (Graph SSOT)"],"fullName":"InfoSSOTService (Graph SSOT) createDecision rejects finance when role_min is member","status":"passed","title":"createDecision rejects finance when role_min is member","duration":0.1362500000000182,"failureMessages":[],"meta":{}},{"ancestorTitles":["InfoSSOTService (Graph SSOT)"],"fullName":"InfoSSOTService (Graph SSOT) createRaci writes member_of edge","status":"passed","title":"createRaci writes member_of edge","duration":0.371167000000014,"failureMessages":[],"meta":{}},{"ancestorTitles":["InfoSSOTService (Graph SSOT)"],"fullName":"InfoSSOTService (Graph SSOT) ensurePerson_既存personが見つかった場合_payloadを上書きしない","status":"passed","title":"ensurePerson_既存personが見つかった場合_payloadを上書きしない","duration":0.17037500000003547,"failureMessages":[],"meta":{}},{"ancestorTitles":["InfoSSOTService (Graph SSOT)"],"fullName":"InfoSSOTService (Graph SSOT) ensurePerson_aliasにマッチする名前を渡した場合_既存personIDを返す","status":"passed","title":"ensurePerson_aliasにマッチする名前を渡した場合_既存personIDを返す","duration":0.120666999999969,"failureMessages":[],"meta":{}},{"ancestorTitles":["InfoSSOTService (Graph SSOT)"],"fullName":"InfoSSOTService (Graph SSOT) ensurePerson_空白の有無で別人扱いされない","status":"passed","title":"ensurePerson_空白の有無で別人扱いされない","duration":0.10170800000003055,"failureMessages":[],"meta":{}},{"ancestorTitles":["InfoSSOTService (Graph SSOT)"],"fullName":"InfoSSOTService (Graph SSOT) createGlossaryTerm writes graph entity and edges with full payload","status":"passed","title":"createGlossaryTerm writes graph entity and edges with full payload","duration":0.4185410000000047,"failureMessages":[],"meta":{}},{"ancestorTitles":["InfoSSOTService (Graph SSOT)"],"fullName":"InfoSSOTService (Graph SSOT) createGlossaryTerm requires term","status":"passed","title":"createGlossaryTerm requires term","duration":0.09745900000001484,"failureMessages":[],"meta":{}},{"ancestorTitles":["InfoSSOTService (Graph SSOT)"],"fullName":"InfoSSOTService (Graph SSOT) createKpi writes graph entity and edges with full payload","status":"passed","title":"createKpi writes graph entity and edges with full payload","duration":0.40525000000002365,"failureMessages":[],"meta":{}},{"ancestorTitles":["InfoSSOTService (Graph SSOT)"],"fullName":"InfoSSOTService (Graph SSOT) createKpi requires metricName","status":"passed","title":"createKpi requires metricName","duration":0.08783299999998917,"failureMessages":[],"meta":{}},{"ancestorTitles":["InfoSSOTService (Graph SSOT)"],"fullName":"InfoSSOTService (Graph SSOT) createInitiative writes graph entity and edges with full payload","status":"passed","title":"createInitiative writes graph entity and edges with full payload","duration":0.5591249999999945,"failureMessages":[],"meta":{}},{"ancestorTitles":["InfoSSOTService (Graph SSOT)"],"fullName":"InfoSSOTService (Graph SSOT) createInitiative requires title","status":"passed","title":"createInitiative requires title","duration":0.09004200000003948,"failureMessages":[],"meta":{}}],"startTime":1784394878459,"endTime":1784394878494.559,"status":"passed","message":"","name":"/private/tmp/brainbase-graph-data-ssot/tests/server/services/info-ssot-service.test.js"},{"assertionResults":[{"ancestorTitles":["MeetingTaskOwnerResolver"],"fullName":"MeetingTaskOwnerResolver People SSOTの別名を使ってMeeting task candidateの担当者を解決する","status":"passed","title":"People SSOTの別名を使ってMeeting task candidateの担当者を解決する","duration":1.6984580000000165,"failureMessages":[],"meta":{}}],"startTime":1784394878917,"endTime":1784394878918.6985,"status":"passed","message":"","name":"/private/tmp/brainbase-graph-data-ssot/tests/server/services/meeting-task-owner-resolver.test.js"}]}