{"numTotalTestSuites":18,"numPassedTestSuites":18,"numFailedTestSuites":0,"numPendingTestSuites":0,"numTotalTests":51,"numPassedTests":51,"numFailedTests":0,"numPendingTests":0,"numTodoTests":0,"snapshot":{"added":0,"failure":false,"filesAdded":0,"filesRemoved":0,"filesRemovedList":[],"filesUnmatched":0,"filesUpdated":0,"matched":0,"total":0,"unchecked":0,"uncheckedKeysByFile":[],"unmatched":0,"updated":0,"didUpdate":false},"startTime":1784392353719,"success":true,"testResults":[{"assertionResults":[{"ancestorTitles":["AuthService auth grant precedence"],"fullName":"AuthService auth grant precedence refresh時もgrant権限を使いながらログイン時と同じGraph人物IDを維持する","status":"passed","title":"refresh時もgrant権限を使いながらログイン時と同じGraph人物IDを維持する","duration":2.9733749999998054,"failureMessages":[],"meta":{}},{"ancestorTitles":["AuthService auth grant precedence"],"fullName":"AuthService auth grant precedence uses auth_grants project_codes even when users.project_codes is an empty stale array","status":"passed","title":"uses auth_grants project_codes even when users.project_codes is an empty stale array","duration":0.37541699999997036,"failureMessages":[],"meta":{}},{"ancestorTitles":["AuthService auth grant precedence"],"fullName":"AuthService auth grant precedence requires an active grant for the exact Slack workspace when authenticating","status":"passed","title":"requires an active grant for the exact Slack workspace when authenticating","duration":0.269249999999829,"failureMessages":[],"meta":{}},{"ancestorTitles":["AuthService auth grant precedence"],"fullName":"AuthService auth grant precedence uses only the grant for the exact Slack user and workspace pair","status":"passed","title":"uses only the grant for the exact Slack user and workspace pair","duration":0.6782919999998285,"failureMessages":[],"meta":{}}],"startTime":1784392355380,"endTime":1784392355384.6782,"status":"passed","message":"","name":"/private/tmp/brainbase-graph-data-ssot/tests/unit/auth-service-grants.test.js"},{"assertionResults":[{"ancestorTitles":["normalize-graph-data-ssot"],"fullName":"normalize-graph-data-ssot future personal-record seeds write the canonical Unson organization ID","status":"passed","title":"future personal-record seeds write the canonical Unson organization ID","duration":0.8110410000001593,"failureMessages":[],"meta":{}},{"ancestorTitles":["normalize-graph-data-ssot"],"fullName":"normalize-graph-data-ssot repoints exact legacy IDs without rewriting prose substrings","status":"passed","title":"repoints exact legacy IDs without rewriting prose substrings","duration":0.2191250000000764,"failureMessages":[],"meta":{}},{"ancestorTitles":["normalize-graph-data-ssot"],"fullName":"normalize-graph-data-ssot converts BAAO absolute source paths to repository-relative paths and drops other personal paths","status":"passed","title":"converts BAAO absolute source paths to repository-relative paths and drops other personal paths","duration":0.22316700000010314,"failureMessages":[],"meta":{}},{"ancestorTitles":["normalize-graph-data-ssot"],"fullName":"normalize-graph-data-ssot merges richer organization fields into the canonical record without finance data","status":"passed","title":"merges richer organization fields into the canonical record without finance data","duration":0.7662499999999,"failureMessages":[],"meta":{}},{"ancestorTitles":["normalize-graph-data-ssot"],"fullName":"normalize-graph-data-ssot keeps legacy org IDs as auditable aliases pointing to the canonical ID","status":"passed","title":"keeps legacy org IDs as auditable aliases pointing to the canonical ID","duration":0.09112500000014734,"failureMessages":[],"meta":{}},{"ancestorTitles":["normalize-graph-data-ssot"],"fullName":"normalize-graph-data-ssot reports an idempotent post-apply plan without exposing payload values","status":"passed","title":"reports an idempotent post-apply plan without exposing payload values","duration":5.9800420000001395,"failureMessages":[],"meta":{}},{"ancestorTitles":["normalize-graph-data-ssot"],"fullName":"normalize-graph-data-ssot summarizes audit rows as redacted deterministic set and content hashes","status":"passed","title":"summarizes audit rows as redacted deterministic set and content hashes","duration":0.3726249999999709,"failureMessages":[],"meta":{}},{"ancestorTitles":["normalize-graph-data-ssot"],"fullName":"normalize-graph-data-ssot writes the targeted backup with owner-only directory and file permissions","status":"passed","title":"writes the targeted backup with owner-only directory and file permissions","duration":4.4780000000000655,"failureMessages":[],"meta":{}},{"ancestorTitles":["normalize-graph-data-ssot"],"fullName":"normalize-graph-data-ssot rehearses rollback as one transaction limited to backed-up IDs","status":"passed","title":"rehearses rollback as one transaction limited to backed-up IDs","duration":7.599375000000009,"failureMessages":[],"meta":{}},{"ancestorTitles":["normalize-graph-data-ssot"],"fullName":"normalize-graph-data-ssot rolls back the rollback transaction when a restore statement fails","status":"passed","title":"rolls back the rollback transaction when a restore statement fails","duration":3.2389169999999012,"failureMessages":[],"meta":{}},{"ancestorTitles":["normalize-graph-data-ssot"],"fullName":"normalize-graph-data-ssot rejects malformed backup JSON before issuing SQL","status":"passed","title":"rejects malformed backup JSON before issuing SQL","duration":2.8035829999998896,"failureMessages":[],"meta":{}},{"ancestorTitles":["normalize-graph-data-ssot"],"fullName":"normalize-graph-data-ssot rejects schema-invalid backup before issuing SQL","status":"passed","title":"rejects schema-invalid backup before issuing SQL","duration":2.5168750000000273,"failureMessages":[],"meta":{}},{"ancestorTitles":["normalize-graph-data-ssot"],"fullName":"normalize-graph-data-ssot rejects backup rows missing required restore columns before issuing SQL","status":"passed","title":"rejects backup rows missing required restore columns before issuing SQL","duration":2.4324169999999867,"failureMessages":[],"meta":{}},{"ancestorTitles":["normalize-graph-data-ssot"],"fullName":"normalize-graph-data-ssot rejects backup rows outside the enumerated target IDs","status":"passed","title":"rejects backup rows outside the enumerated target IDs","duration":0.44520799999986593,"failureMessages":[],"meta":{}},{"ancestorTitles":["normalize-graph-data-ssot"],"fullName":"normalize-graph-data-ssot rolls back a persistence failure inside the shared apply transaction envelope","status":"passed","title":"rolls back a persistence failure inside the shared apply transaction envelope","duration":0.6608329999999114,"failureMessages":[],"meta":{}},{"ancestorTitles":["normalize-graph-data-ssot"],"fullName":"normalize-graph-data-ssot closes the pool when database authentication is denied before a transaction starts","status":"passed","title":"closes the pool when database authentication is denied before a transaction starts","duration":0.6705420000000686,"failureMessages":[],"meta":{}}],"startTime":1784392355350,"endTime":1784392355383.6707,"status":"passed","message":"","name":"/private/tmp/brainbase-graph-data-ssot/tests/unit/normalize-graph-data-ssot.test.js"},{"assertionResults":[{"ancestorTitles":["vibepro-graph-ssot-check"],"fullName":"vibepro-graph-ssot-check Graph APIのrecords/entities両形式を正規化する","status":"passed","title":"Graph APIのrecords/entities両形式を正規化する","duration":2.057833999999957,"failureMessages":[],"meta":{}},{"ancestorTitles":["vibepro-graph-ssot-check"],"fullName":"vibepro-graph-ssot-check Graph API tokenとbrainbase権限ヘッダーを組み立てる","status":"passed","title":"Graph API tokenとbrainbase権限ヘッダーを組み立てる","duration":0.8630840000000717,"failureMessages":[],"meta":{}},{"ancestorTitles":["vibepro-graph-ssot-check"],"fullName":"vibepro-graph-ssot-check VibeProに必要なGraph SSOT entityとphilosophy contextを検証する","status":"passed","title":"VibeProに必要なGraph SSOT entityとphilosophy contextを検証する","duration":0.9071669999998448,"failureMessages":[],"meta":{}}],"startTime":1784392355240,"endTime":1784392355244.9072,"status":"passed","message":"","name":"/private/tmp/brainbase-graph-data-ssot/tests/unit/vibepro-graph-ssot-check.test.js"},{"assertionResults":[{"ancestorTitles":["ACL contract: sensitivity"],"fullName":"ACL contract: sensitivity INV-5: sensitivity exceeding actor clearance is denied","status":"passed","title":"INV-5: sensitivity exceeding actor clearance is denied","duration":1.8328330000001642,"failureMessages":[],"meta":{}}],"startTime":1784392355340,"endTime":1784392355341.8328,"status":"passed","message":"","name":"/private/tmp/brainbase-graph-data-ssot/tests/access-contracts/invariants/inv-5-sensitivity.test.js"},{"assertionResults":[{"ancestorTitles":["ACL contract: role_min"],"fullName":"ACL contract: role_min INV-6: role_min above actor role rank is denied","status":"passed","title":"INV-6: role_min above actor role rank is denied","duration":2.839542000000165,"failureMessages":[],"meta":{}}],"startTime":1784392355340,"endTime":1784392355342.8396,"status":"passed","message":"","name":"/private/tmp/brainbase-graph-data-ssot/tests/access-contracts/invariants/inv-6-role-min.test.js"},{"assertionResults":[{"ancestorTitles":["InfoSSOTController Graph entity read contract"],"fullName":"InfoSSOTController Graph entity read contract id/ids/typeをserviceへ渡してlegacy typed getを可能にする","status":"passed","title":"id/ids/typeをserviceへ渡してlegacy typed getを可能にする","duration":5.995666000000028,"failureMessages":[],"meta":{}}],"startTime":1784392355376,"endTime":1784392355381.9956,"status":"passed","message":"","name":"/private/tmp/brainbase-graph-data-ssot/tests/server/controllers/info-ssot-controller.test.js"},{"assertionResults":[{"ancestorTitles":["Info SSOT context route"],"fullName":"Info SSOT context route GET /api/info/context呼び出し時_philosophy queryをServiceへ渡す","status":"passed","title":"GET /api/info/context呼び出し時_philosophy queryをServiceへ渡す","duration":18.256709,"failureMessages":[],"meta":{}}],"startTime":1784392355448,"endTime":1784392355466.2566,"status":"passed","message":"","name":"/private/tmp/brainbase-graph-data-ssot/tests/server/routes/info-ssot-context.test.js"},{"assertionResults":[{"ancestorTitles":["InfoSSOTService (Graph SSOT)"],"fullName":"InfoSSOTService (Graph SSOT) getPersonBySlackIdは有効なgrantを確認しGraph人物へ紐づくusersのperson_idを優先する","status":"passed","title":"getPersonBySlackIdは有効なgrantを確認しGraph人物へ紐づくusersのperson_idを優先する","duration":3.3741249999998217,"failureMessages":[],"meta":{}},{"ancestorTitles":["InfoSSOTService (Graph SSOT)"],"fullName":"InfoSSOTService (Graph SSOT) getContext呼び出し時_includePhilosophy未指定_既存レスポンスを維持する","status":"passed","title":"getContext呼び出し時_includePhilosophy未指定_既存レスポンスを維持する","duration":1.362999999999829,"failureMessages":[],"meta":{}},{"ancestorTitles":["InfoSSOTService (Graph SSOT)"],"fullName":"InfoSSOTService (Graph SSOT) listGraphEntities呼び出し時_id指定はlimit付き一覧ではなくID検索を使う","status":"passed","title":"listGraphEntities呼び出し時_id指定はlimit付き一覧ではなくID検索を使う","duration":0.9873330000000351,"failureMessages":[],"meta":{}},{"ancestorTitles":["InfoSSOTService (Graph SSOT)"],"fullName":"InfoSSOTService (Graph SSOT) 旧org IDのtyped getはalias行ではなくcanonical orgへ解決する","status":"passed","title":"旧org IDのtyped getはalias行ではなくcanonical orgへ解決する","duration":0.3450000000000273,"failureMessages":[],"meta":{}},{"ancestorTitles":["InfoSSOTService (Graph SSOT)"],"fullName":"InfoSSOTService (Graph SSOT) 旧person IDのtyped getはcanonical personへ解決する","status":"passed","title":"旧person IDのtyped getはcanonical personへ解決する","duration":0.12091599999985192,"failureMessages":[],"meta":{}},{"ancestorTitles":["InfoSSOTService (Graph SSOT)"],"fullName":"InfoSSOTService (Graph SSOT) org/personの型付き一覧はalias解決を行わずcanonical型だけを列挙する","status":"passed","title":"org/personの型付き一覧はalias解決を行わずcanonical型だけを列挙する","duration":0.19420900000000074,"failureMessages":[],"meta":{}},{"ancestorTitles":["InfoSSOTService (Graph SSOT)"],"fullName":"InfoSSOTService (Graph SSOT) listGraphEntities呼び出し時_queryをGraph検索へ渡す","status":"passed","title":"listGraphEntities呼び出し時_queryをGraph検索へ渡す","duration":0.23008400000003348,"failureMessages":[],"meta":{}},{"ancestorTitles":["InfoSSOTService (Graph SSOT)"],"fullName":"InfoSSOTService (Graph SSOT) finance entityは呼出元のclearanceとroleをDB検索条件で同時に制約する","status":"passed","title":"finance entityは呼出元のclearanceとroleをDB検索条件で同時に制約する","duration":0.2602079999999205,"failureMessages":[],"meta":{}},{"ancestorTitles":["InfoSSOTService (Graph SSOT)"],"fullName":"InfoSSOTService (Graph SSOT) member/internalからfinance entityはID・型の双方で不可視、ceo/financeでは可視になる","status":"passed","title":"member/internalからfinance entityはID・型の双方で不可視、ceo/financeでは可視になる","duration":0.3934160000001157,"failureMessages":[],"meta":{}},{"ancestorTitles":["InfoSSOTService (Graph SSOT)"],"fullName":"InfoSSOTService (Graph SSOT) getContext呼び出し時_includePhilosophy有効_scope別思想contextを返す","status":"passed","title":"getContext呼び出し時_includePhilosophy有効_scope別思想contextを返す","duration":1.3395409999998265,"failureMessages":[],"meta":{}},{"ancestorTitles":["InfoSSOTService (Graph SSOT)"],"fullName":"InfoSSOTService (Graph SSOT) getContext呼び出し時_includePhilosophy有効でcore思想がない場合_失敗する","status":"passed","title":"getContext呼び出し時_includePhilosophy有効でcore思想がない場合_失敗する","duration":0.8964169999999285,"failureMessages":[],"meta":{}},{"ancestorTitles":["InfoSSOTService (Graph SSOT)"],"fullName":"InfoSSOTService (Graph SSOT) createDecision writes graph entity and edges","status":"passed","title":"createDecision writes graph entity and edges","duration":1.8542499999998654,"failureMessages":[],"meta":{}},{"ancestorTitles":["InfoSSOTService (Graph SSOT)"],"fullName":"InfoSSOTService (Graph SSOT) createDecision rejects finance when role_min is member","status":"passed","title":"createDecision rejects finance when role_min is member","duration":0.15945799999985866,"failureMessages":[],"meta":{}},{"ancestorTitles":["InfoSSOTService (Graph SSOT)"],"fullName":"InfoSSOTService (Graph SSOT) createRaci writes member_of edge","status":"passed","title":"createRaci writes member_of edge","duration":0.3738330000001042,"failureMessages":[],"meta":{}},{"ancestorTitles":["InfoSSOTService (Graph SSOT)"],"fullName":"InfoSSOTService (Graph SSOT) ensurePerson_既存personが見つかった場合_payloadを上書きしない","status":"passed","title":"ensurePerson_既存personが見つかった場合_payloadを上書きしない","duration":0.17258399999991525,"failureMessages":[],"meta":{}},{"ancestorTitles":["InfoSSOTService (Graph SSOT)"],"fullName":"InfoSSOTService (Graph SSOT) ensurePerson_aliasにマッチする名前を渡した場合_既存personIDを返す","status":"passed","title":"ensurePerson_aliasにマッチする名前を渡した場合_既存personIDを返す","duration":0.1116669999998976,"failureMessages":[],"meta":{}},{"ancestorTitles":["InfoSSOTService (Graph SSOT)"],"fullName":"InfoSSOTService (Graph SSOT) ensurePerson_空白の有無で別人扱いされない","status":"passed","title":"ensurePerson_空白の有無で別人扱いされない","duration":0.09229200000004312,"failureMessages":[],"meta":{}},{"ancestorTitles":["InfoSSOTService (Graph SSOT)"],"fullName":"InfoSSOTService (Graph SSOT) createGlossaryTerm writes graph entity and edges with full payload","status":"passed","title":"createGlossaryTerm writes graph entity and edges with full payload","duration":0.3894999999999982,"failureMessages":[],"meta":{}},{"ancestorTitles":["InfoSSOTService (Graph SSOT)"],"fullName":"InfoSSOTService (Graph SSOT) createGlossaryTerm requires term","status":"passed","title":"createGlossaryTerm requires term","duration":0.09316599999988284,"failureMessages":[],"meta":{}},{"ancestorTitles":["InfoSSOTService (Graph SSOT)"],"fullName":"InfoSSOTService (Graph SSOT) createKpi writes graph entity and edges with full payload","status":"passed","title":"createKpi writes graph entity and edges with full payload","duration":0.42000000000007276,"failureMessages":[],"meta":{}},{"ancestorTitles":["InfoSSOTService (Graph SSOT)"],"fullName":"InfoSSOTService (Graph SSOT) createKpi requires metricName","status":"passed","title":"createKpi requires metricName","duration":0.07941600000003746,"failureMessages":[],"meta":{}},{"ancestorTitles":["InfoSSOTService (Graph SSOT)"],"fullName":"InfoSSOTService (Graph SSOT) createInitiative writes graph entity and edges with full payload","status":"passed","title":"createInitiative writes graph entity and edges with full payload","duration":1.4400840000000699,"failureMessages":[],"meta":{}},{"ancestorTitles":["InfoSSOTService (Graph SSOT)"],"fullName":"InfoSSOTService (Graph SSOT) createInitiative requires title","status":"passed","title":"createInitiative requires title","duration":0.4277089999998225,"failureMessages":[],"meta":{}}],"startTime":1784392355367,"endTime":1784392355382.4402,"status":"passed","message":"","name":"/private/tmp/brainbase-graph-data-ssot/tests/server/services/info-ssot-service.test.js"},{"assertionResults":[{"ancestorTitles":["MeetingTaskOwnerResolver"],"fullName":"MeetingTaskOwnerResolver People SSOTの別名を使ってMeeting task candidateの担当者を解決する","status":"passed","title":"People SSOTの別名を使ってMeeting task candidateの担当者を解決する","duration":2.147207999999864,"failureMessages":[],"meta":{}}],"startTime":1784392355335,"endTime":1784392355337.1472,"status":"passed","message":"","name":"/private/tmp/brainbase-graph-data-ssot/tests/server/services/meeting-task-owner-resolver.test.js"}]}