{"numTotalTestSuites":55,"numPassedTestSuites":55,"numFailedTestSuites":0,"numPendingTestSuites":0,"numTotalTests":141,"numPassedTests":141,"numFailedTests":0,"numPendingTests":0,"numTodoTests":0,"snapshot":{"added":0,"failure":false,"filesAdded":0,"filesRemoved":0,"filesRemovedList":[],"filesUnmatched":0,"filesUpdated":0,"matched":0,"total":0,"unchecked":0,"uncheckedKeysByFile":[],"unmatched":0,"updated":0,"didUpdate":false},"startTime":1783770664820,"success":true,"testResults":[{"assertionResults":[{"ancestorTitles":["SessionController (Server)","constructor"],"fullName":"SessionController (Server) constructor Codex App Server metadata待機時間に冷間起動向けのデフォルトを設定する","status":"passed","title":"Codex App Server metadata待機時間に冷間起動向けのデフォルトを設定する","duration":7.756457999999839,"failureMessages":[],"meta":{}},{"ancestorTitles":["SessionController (Server)","constructor"],"fullName":"SessionController (Server) constructor Codex App Server metadata待機時間を環境変数で上書きできる","status":"passed","title":"Codex App Server metadata待機時間を環境変数で上書きできる","duration":3.0592500000002474,"failureMessages":[],"meta":{}},{"ancestorTitles":["SessionController (Server)","start"],"fullName":"SessionController (Server) start 短時間の連続start呼び出し時_takeoverせず既存proxyを返す","status":"passed","title":"短時間の連続start呼び出し時_takeoverせず既存proxyを返す","duration":30.771250000000236,"failureMessages":[],"meta":{}},{"ancestorTitles":["SessionController (Server)","start"],"fullName":"SessionController (Server) start cooldown経過後のstart呼び出し時_takeoverして再起動する","status":"passed","title":"cooldown経過後のstart呼び出し時_takeoverして再起動する","duration":315.1039579999997,"failureMessages":[],"meta":{}},{"ancestorTitles":["SessionController (Server)","start"],"fullName":"SessionController (Server) start 新規Codex App Server startはmetadata永続化後に成功を返す","status":"passed","title":"新規Codex App Server startはmetadata永続化後に成功を返す","duration":8.964792000000216,"failureMessages":[],"meta":{}},{"ancestorTitles":["SessionController (Server)","start"],"fullName":"SessionController (Server) start 新規Codex App Server startでmetadata永続化に失敗した場合_runtimeをcleanupして成功を返さない","status":"passed","title":"新規Codex App Server startでmetadata永続化に失敗した場合_runtimeをcleanupして成功を返さない","duration":16.71100000000024,"failureMessages":[],"meta":{}},{"ancestorTitles":["SessionController (Server)","start"],"fullName":"SessionController (Server) start 別viewerのstart呼び出し時_409 blockedを返す","status":"passed","title":"別viewerのstart呼び出し時_409 blockedを返す","duration":2.068040999999994,"failureMessages":[],"meta":{}},{"ancestorTitles":["SessionController (Server)","start"],"fullName":"SessionController (Server) start pending startup shellのstart時_409を返しttydを起動しない","status":"passed","title":"pending startup shellのstart時_409を返しttydを起動しない","duration":2.3524999999999636,"failureMessages":[],"meta":{}},{"ancestorTitles":["SessionController (Server)","merge"],"fullName":"SessionController (Server) merge INV-1/S-1: merge後も同じsessionを維持してactive workspace generationへruntimeを切り替える","status":"passed","title":"INV-1/S-1: merge後も同じsessionを維持してactive workspace generationへruntimeを切り替える","duration":5.447000000000116,"failureMessages":[],"meta":{}},{"ancestorTitles":["SessionController (Server)","sendInput"],"fullName":"SessionController (Server) sendInput INV-3: workspace generation切替中はterminal入力をruntimeへ送らない","status":"passed","title":"INV-3: workspace generation切替中はterminal入力をruntimeへ送らない","duration":3.585957999999664,"failureMessages":[],"meta":{}},{"ancestorTitles":["SessionController (Server)","sendInput"],"fullName":"SessionController (Server) sendInput INV-3: workspace generation切替失敗でblockedの場合もterminal入力をruntimeへ送らない","status":"passed","title":"INV-3: workspace generation切替失敗でblockedの場合もterminal入力をruntimeへ送らない","duration":1.9144169999999576,"failureMessages":[],"meta":{}},{"ancestorTitles":["SessionController (Server)","sendInput"],"fullName":"SessionController (Server) sendInput pending startup shellのsendInput時_409を返しterminalへ送らない","status":"passed","title":"pending startup shellのsendInput時_409を返しterminalへ送らない","duration":2.5837910000000193,"failureMessages":[],"meta":{}},{"ancestorTitles":["SessionController (Server)","sendInput"],"fullName":"SessionController (Server) sendInput pending startup shellのprobeInput時_409を返しprobeを実行しない","status":"passed","title":"pending startup shellのprobeInput時_409を返しprobeを実行しない","duration":1.6545420000002196,"failureMessages":[],"meta":{}},{"ancestorTitles":["SessionController (Server)","legacy terminal IO startup shell guards"],"fullName":"SessionController (Server) legacy terminal IO startup shell guards pending startup shellのrepair geometry時_409を返しtmux修復しない","status":"passed","title":"pending startup shellのrepair geometry時_409を返しtmux修復しない","duration":1.43487499999992,"failureMessages":[],"meta":{}},{"ancestorTitles":["SessionController (Server)","legacy terminal IO startup shell guards"],"fullName":"SessionController (Server) legacy terminal IO startup shell guards pending startup shellのgetContent時_409を返しsnapshotを取得しない","status":"passed","title":"pending startup shellのgetContent時_409を返しsnapshotを取得しない","duration":1.0911250000003747,"failureMessages":[],"meta":{}},{"ancestorTitles":["SessionController (Server)","legacy terminal IO startup shell guards"],"fullName":"SessionController (Server) legacy terminal IO startup shell guards failed startup shellのgetOutput時_409を返しsnapshotを取得しない","status":"passed","title":"failed startup shellのgetOutput時_409を返しsnapshotを取得しない","duration":0.8727499999999964,"failureMessages":[],"meta":{}},{"ancestorTitles":["SessionController (Server)","legacy terminal IO startup shell guards"],"fullName":"SessionController (Server) legacy terminal IO startup shell guards pending startup shellのscroll時_409を返しtmux scrollしない","status":"passed","title":"pending startup shellのscroll時_409を返しtmux scrollしない","duration":1.320791999999983,"failureMessages":[],"meta":{}},{"ancestorTitles":["SessionController (Server)","getRuntime"],"fullName":"SessionController (Server) getRuntime 稼働中セッションのruntimeStatusを返す","status":"passed","title":"稼働中セッションのruntimeStatusを返す","duration":1.8647080000000642,"failureMessages":[],"meta":{}},{"ancestorTitles":["SessionController (Server)","getRuntime"],"fullName":"SessionController (Server) getRuntime activeセッションでttyd停止中のruntime取得時_ttydを自動復旧しない","status":"passed","title":"activeセッションでttyd停止中のruntime取得時_ttydを自動復旧しない","duration":1.245542000000114,"failureMessages":[],"meta":{}},{"ancestorTitles":["SessionController (Server)","getRuntime"],"fullName":"SessionController (Server) getRuntime CON-7 runtime取得時_observedRuntimeのstale issueとttyd観測を返す","status":"passed","title":"CON-7 runtime取得時_observedRuntimeのstale issueとttyd観測を返す","duration":1.9432919999999285,"failureMessages":[],"meta":{}},{"ancestorTitles":["SessionController (Server)","getRuntime"],"fullName":"SessionController (Server) getRuntime CON-7 cold registryのruntime取得時_dry-run reconcileでstale issueを返す","status":"passed","title":"CON-7 cold registryのruntime取得時_dry-run reconcileでstale issueを返す","duration":1.4635000000002947,"failureMessages":[],"meta":{}},{"ancestorTitles":["SessionController (Server)","getRuntime"],"fullName":"SessionController (Server) getRuntime 存在しないセッションのruntime取得時_404を返す","status":"passed","title":"存在しないセッションのruntime取得時_404を返す","duration":1.402625000000171,"failureMessages":[],"meta":{}},{"ancestorTitles":["SessionController (Server)","getRuntime"],"fullName":"SessionController (Server) getRuntime viewerIdなしのruntime取得時_400を返す","status":"passed","title":"viewerIdなしのruntime取得時_400を返す","duration":1.6318339999997988,"failureMessages":[],"meta":{}},{"ancestorTitles":["SessionController (Server)","ensureTerminalRuntime"],"fullName":"SessionController (Server) ensureTerminalRuntime forceTtyd時はttydを起動してproxyPathを返す","status":"passed","title":"forceTtyd時はttydを起動してproxyPathを返す","duration":2.5951249999998254,"failureMessages":[],"meta":{}},{"ancestorTitles":["SessionController (Server)","ensureTerminalRuntime"],"fullName":"SessionController (Server) ensureTerminalRuntime forceTtydなしではruntimeだけをensureする","status":"passed","title":"forceTtydなしではruntimeだけをensureする","duration":2.780499999999847,"failureMessages":[],"meta":{}},{"ancestorTitles":["SessionController (Server)","ensureTerminalRuntime"],"fullName":"SessionController (Server) ensureTerminalRuntime pending startup shellのterminal ensure時_409を返しruntimeを起動しない","status":"passed","title":"pending startup shellのterminal ensure時_409を返しruntimeを起動しない","duration":1.4972079999997732,"failureMessages":[],"meta":{}},{"ancestorTitles":["SessionController (Server)","ensureTerminalRuntime"],"fullName":"SessionController (Server) ensureTerminalRuntime runtimeが既にinteractive_readyならensureとworkspace解決をスキップする","status":"passed","title":"runtimeが既にinteractive_readyならensureとworkspace解決をスキップする","duration":1.6894170000000486,"failureMessages":[],"meta":{}},{"ancestorTitles":["SessionController (Server)","getTerminalSnapshot"],"fullName":"SessionController (Server) getTerminalSnapshot owner viewerのsnapshot取得時_terminal snapshotを返す","status":"passed","title":"owner viewerのsnapshot取得時_terminal snapshotを返す","duration":2.659458000000086,"failureMessages":[],"meta":{}},{"ancestorTitles":["SessionController (Server)","getTerminalSnapshot"],"fullName":"SessionController (Server) getTerminalSnapshot visibleOnly指定時_visible pane snapshotを返す","status":"passed","title":"visibleOnly指定時_visible pane snapshotを返す","duration":2.0014580000001843,"failureMessages":[],"meta":{}},{"ancestorTitles":["SessionController (Server)","getTerminalSnapshot"],"fullName":"SessionController (Server) getTerminalSnapshot blocked viewerのsnapshot取得時_readonly snapshotを返す","status":"passed","title":"blocked viewerのsnapshot取得時_readonly snapshotを返す","duration":1.7168750000000728,"failureMessages":[],"meta":{}},{"ancestorTitles":["SessionController (Server)","getTerminalSnapshot"],"fullName":"SessionController (Server) getTerminalSnapshot pending startup shellのsnapshot取得時_409を返しtmux captureを実行しない","status":"passed","title":"pending startup shellのsnapshot取得時_409を返しtmux captureを実行しない","duration":1.6497920000001614,"failureMessages":[],"meta":{}},{"ancestorTitles":["SessionController (Server)","getTerminalSnapshot"],"fullName":"SessionController (Server) getTerminalSnapshot snapshot取得時_collapsed paneを先に修復してcacheをinvalidateする","status":"passed","title":"snapshot取得時_collapsed paneを先に修復してcacheをinvalidateする","duration":2.6575000000002547,"failureMessages":[],"meta":{}},{"ancestorTitles":["SessionController (Server)","createWithWorktree"],"fullName":"SessionController (Server) createWithWorktree staleなrepoPath時_git repoを優先してfallbackする","status":"passed","title":"staleなrepoPath時_git repoを優先してfallbackする","duration":9.92037500000015,"failureMessages":[],"meta":{}},{"ancestorTitles":["SessionController (Server)","createWithWorktree"],"fullName":"SessionController (Server) createWithWorktree state永続化後にworktree.pathが欠ける場合_runtimeを起動しない","status":"passed","title":"state永続化後にworktree.pathが欠ける場合_runtimeを起動しない","duration":5.4952079999998205,"failureMessages":[],"meta":{}},{"ancestorTitles":["SessionController (Server)","createWithWorktree"],"fullName":"SessionController (Server) createWithWorktree ttyd起動失敗時_pending shellをfailedとして残す","status":"passed","title":"ttyd起動失敗時_pending shellをfailedとして残す","duration":56.67370800000026,"failureMessages":[],"meta":{}},{"ancestorTitles":["SessionController (Server)","createWithWorktree"],"fullName":"SessionController (Server) createWithWorktree Codex App Server worktreeでmetadata永続化に失敗した場合_runtimeとworktreeをcleanupする","status":"passed","title":"Codex App Server worktreeでmetadata永続化に失敗した場合_runtimeとworktreeをcleanupする","duration":17.885375000000295,"failureMessages":[],"meta":{}},{"ancestorTitles":["SessionController (Server)","releaseTerminal"],"fullName":"SessionController (Server) releaseTerminal viewerId一致時_releaseTerminalOwnershipを呼ぶ","status":"passed","title":"viewerId一致時_releaseTerminalOwnershipを呼ぶ","duration":2.2510000000002037,"failureMessages":[],"meta":{}},{"ancestorTitles":["SessionController (Server)","archive"],"fullName":"SessionController (Server) archive archive呼び出し後_stopTtydが実行される","status":"passed","title":"archive呼び出し後_stopTtydが実行される","duration":2.525583000000097,"failureMessages":[],"meta":{}},{"ancestorTitles":["SessionController (Server)","archive"],"fullName":"SessionController (Server) archive archive呼び出し時_直接tmux kill-sessionを呼び出さない","status":"passed","title":"archive呼び出し時_直接tmux kill-sessionを呼び出さない","duration":1.2892910000000484,"failureMessages":[],"meta":{}},{"ancestorTitles":["SessionController (Server)","archive"],"fullName":"SessionController (Server) archive worktreeに変更があってもarchiveはqueuedにしてfinalizerへ渡す","status":"passed","title":"worktreeに変更があってもarchiveはqueuedにしてfinalizerへ渡す","duration":1.4778329999999187,"failureMessages":[],"meta":{}},{"ancestorTitles":["SessionController (Server)","archive"],"fullName":"SessionController (Server) archive dirty worktreeでも確認レスポンスを返さずarchiveを完了する","status":"passed","title":"dirty worktreeでも確認レスポンスを返さずarchiveを完了する","duration":12.605209000000286,"failureMessages":[],"meta":{}},{"ancestorTitles":["SessionController (Server)","archive"],"fullName":"SessionController (Server) archive working copyがcleanでも未マージcommitがあればqueuedにする","status":"passed","title":"working copyがcleanでも未マージcommitがあればqueuedにする","duration":1.8515830000001188,"failureMessages":[],"meta":{}},{"ancestorTitles":["SessionController (Server)","restore"],"fullName":"SessionController (Server) restore repo再作成に失敗しても既存workspaceが残っていれば復元を継続する","status":"passed","title":"repo再作成に失敗しても既存workspaceが残っていれば復元を継続する","duration":2.547041000000263,"failureMessages":[],"meta":{}},{"ancestorTitles":["SessionController (Server)","clearDone"],"fullName":"SessionController (Server) clearDone clearDone呼び出し時_clearDoneStatusが実行される","status":"passed","title":"clearDone呼び出し時_clearDoneStatusが実行される","duration":1.3377499999996871,"failureMessages":[],"meta":{}},{"ancestorTitles":["SessionController (Server)","clearDone"],"fullName":"SessionController (Server) clearDone clearDone呼び出し時_id未指定_400を返す","status":"passed","title":"clearDone呼び出し時_id未指定_400を返す","duration":1.4006669999998849,"failureMessages":[],"meta":{}},{"ancestorTitles":["SessionController (Server)","reportActivity"],"fullName":"SessionController (Server) reportActivity reportActivity呼び出し時_lifecycle関連フィールドをSessionManagerへ渡す","status":"passed","title":"reportActivity呼び出し時_lifecycle関連フィールドをSessionManagerへ渡す","duration":4.888833999999861,"failureMessages":[],"meta":{}},{"ancestorTitles":["SessionController (Server)","getContext"],"fullName":"SessionController (Server) getContext worktreeセッション時_currentDirectoryを含むコンテキストを返す","status":"passed","title":"worktreeセッション時_currentDirectoryを含むコンテキストを返す","duration":1.649916999999732,"failureMessages":[],"meta":{}},{"ancestorTitles":["SessionController (Server)","getContext"],"fullName":"SessionController (Server) getContext 通常セッション時_currentDirectoryはworkspacePathへフォールバックする","status":"passed","title":"通常セッション時_currentDirectoryはworkspacePathへフォールバックする","duration":1.921791000000212,"failureMessages":[],"meta":{}},{"ancestorTitles":["SessionController (Server)","getContext"],"fullName":"SessionController (Server) getContext ephemeral cwd のとき_currentDirectory は workspacePath を優先する","status":"passed","title":"ephemeral cwd のとき_currentDirectory は workspacePath を優先する","duration":1.0847499999999854,"failureMessages":[],"meta":{}},{"ancestorTitles":["SessionController (Server)","getUiSummaries"],"fullName":"SessionController (Server) getUiSummaries session ごとの lightweight summary map を返す","status":"passed","title":"session ごとの lightweight summary map を返す","duration":1.6628329999998641,"failureMessages":[],"meta":{}},{"ancestorTitles":["SessionController (Server)","getUiSummaries"],"fullName":"SessionController (Server) getUiSummaries ui summary は未push commitだけならdirtyを立てずunpushedだけを返す","status":"passed","title":"ui summary は未push commitだけならdirtyを立てずunpushedだけを返す","duration":1.9510840000002645,"failureMessages":[],"meta":{}},{"ancestorTitles":["SessionController (Server)","getUiSummaries"],"fullName":"SessionController (Server) getUiSummaries TTL 内は cached summary を再利用する","status":"passed","title":"TTL 内は cached summary を再利用する","duration":1.7349170000002232,"failureMessages":[],"meta":{}},{"ancestorTitles":["SessionController (Server)","getUiSummaries"],"fullName":"SessionController (Server) getUiSummaries ui summary でも ephemeral cwd は workspacePath に丸める","status":"passed","title":"ui summary でも ephemeral cwd は workspacePath に丸める","duration":1.516624999999749,"failureMessages":[],"meta":{}},{"ancestorTitles":["SessionController (Server)","getFolderTree"],"fullName":"SessionController (Server) getFolderTree ルートフォルダ取得時_nodesを返す","status":"passed","title":"ルートフォルダ取得時_nodesを返す","duration":4.484625000000051,"failureMessages":[],"meta":{}},{"ancestorTitles":["SessionController (Server)","getFolderTree"],"fullName":"SessionController (Server) getFolderTree レビュー対象のdot directoryは返し、内部管理用dot directoryは隠す","status":"passed","title":"レビュー対象のdot directoryは返し、内部管理用dot directoryは隠す","duration":21.546166000000085,"failureMessages":[],"meta":{}},{"ancestorTitles":["SessionController (Server)","getFolderTree"],"fullName":"SessionController (Server) getFolderTree 相対パス指定時_配下ノードを返す","status":"passed","title":"相対パス指定時_配下ノードを返す","duration":6.125333999999839,"failureMessages":[],"meta":{}},{"ancestorTitles":["SessionController (Server)","getFolderTree"],"fullName":"SessionController (Server) getFolderTree path traversal時_400を返す","status":"passed","title":"path traversal時_400を返す","duration":2.115041999999903,"failureMessages":[],"meta":{}},{"ancestorTitles":["SessionController (Server)","getFolderTree"],"fullName":"SessionController (Server) getFolderTree 存在しないセッション時_404を返す","status":"passed","title":"存在しないセッション時_404を返す","duration":1.668916999999965,"failureMessages":[],"meta":{}},{"ancestorTitles":["SessionController (Server)","getFileContent"],"fullName":"SessionController (Server) getFileContent workspace root relative path を開ける","status":"passed","title":"workspace root relative path を開ける","duration":5.487499999999727,"failureMessages":[],"meta":{}},{"ancestorTitles":["SessionController (Server)","getFileContent"],"fullName":"SessionController (Server) getFileContent repo名つきの workspace 相対パスも開ける","status":"passed","title":"repo名つきの workspace 相対パスも開ける","duration":2.7479589999998097,"failureMessages":[],"meta":{}},{"ancestorTitles":["SessionController (Server)","getFileContent"],"fullName":"SessionController (Server) getFileContent workspace 内の絶対パスとホーム相対パスを開ける","status":"passed","title":"workspace 内の絶対パスとホーム相対パスを開ける","duration":5.833624999999756,"failureMessages":[],"meta":{}},{"ancestorTitles":["SessionController (Server)","getFileContent"],"fullName":"SessionController (Server) getFileContent workspace に無い場合_repo candidate にフォールバックして開ける","status":"passed","title":"workspace に無い場合_repo candidate にフォールバックして開ける","duration":4.2310419999998885,"failureMessages":[],"meta":{}},{"ancestorTitles":["SessionController (Server)","askAiIntegration"],"fullName":"SessionController (Server) askAiIntegration server側clipboard成功時_copiedByServerとclipboardMethodを返す","status":"passed","title":"server側clipboard成功時_copiedByServerとclipboardMethodを返す","duration":198.39499999999998,"failureMessages":[],"meta":{}},{"ancestorTitles":["SessionController (Server)","askAiIntegration"],"fullName":"SessionController (Server) askAiIntegration server側clipboard失敗時_browser fallback用メッセージを返す","status":"passed","title":"server側clipboard失敗時_browser fallback用メッセージを返す","duration":195.26391700000022,"failureMessages":[],"meta":{}}],"startTime":1783770667665,"endTime":1783770668686.264,"status":"passed","message":"","name":"/Users/ksato/workspace/code/brainbase/.worktrees/jj-retirement/tests/unit/server-session-controller.test.js"},{"assertionResults":[{"ancestorTitles":["WorktreeService.getCommitLog"],"fullName":"WorktreeService.getCommitLog workspaceが存在しない場合_空のコミットリストが返される","status":"passed","title":"workspaceが存在しない場合_空のコミットリストが返される","duration":5.734790999999859,"failureMessages":[],"meta":{}},{"ancestorTitles":["WorktreeService.getCommitLog"],"fullName":"WorktreeService.getCommitLog gitリポジトリの場合_gitログがパースされる","status":"passed","title":"gitリポジトリの場合_gitログがパースされる","duration":8.185167000000092,"failureMessages":[],"meta":{}},{"ancestorTitles":["WorktreeService._parseGitLog"],"fullName":"WorktreeService._parseGitLog 空文字列の場合_空配列が返される","status":"passed","title":"空文字列の場合_空配列が返される","duration":2.453875000000153,"failureMessages":[],"meta":{}},{"ancestorTitles":["WorktreeService._parseGitLog"],"fullName":"WorktreeService._parseGitLog 正常なgitログ出力がパースされる","status":"passed","title":"正常なgitログ出力がパースされる","duration":1.6301669999998012,"failureMessages":[],"meta":{}},{"ancestorTitles":["WorktreeService._parseGitLog"],"fullName":"WorktreeService._parseGitLog descriptionが空の場合_(empty)が設定される","status":"passed","title":"descriptionが空の場合_(empty)が設定される","duration":1.9165829999997186,"failureMessages":[],"meta":{}},{"ancestorTitles":["WorktreeService.getStatus"],"fullName":"WorktreeService.getStatus 未マージcommitがある場合_cleanでもneedsMergeを返す","status":"passed","title":"未マージcommitがある場合_cleanでもneedsMergeを返す","duration":8.88708299999962,"failureMessages":[],"meta":{}},{"ancestorTitles":["WorktreeService.getStatus"],"fullName":"WorktreeService.getStatus statusに変化がない場合_conflict検査を省略する","status":"passed","title":"statusに変化がない場合_conflict検査を省略する","duration":3.25845900000013,"failureMessages":[],"meta":{}},{"ancestorTitles":["WorktreeService.getStatus"],"fullName":"WorktreeService.getStatus statusに変化がある場合_git ls-files -uでconflictを検出する","status":"passed","title":"statusに変化がある場合_git ls-files -uでconflictを検出する","duration":3.8515409999999974,"failureMessages":[],"meta":{}},{"ancestorTitles":["WorktreeService.getStatus"],"fullName":"WorktreeService.getStatus fetchRemote=false のとき git fetch origin を実行しない","status":"passed","title":"fetchRemote=false のとき git fetch origin を実行しない","duration":1.9190419999999904,"failureMessages":[],"meta":{}},{"ancestorTitles":["WorktreeService.getStatus"],"fullName":"WorktreeService.getStatus workspace artifactだけのworking copy changesはdirty扱いしない","status":"passed","title":"workspace artifactだけのworking copy changesはdirty扱いしない","duration":2.516707999999653,"failureMessages":[],"meta":{}},{"ancestorTitles":["WorktreeService.getStatus"],"fullName":"WorktreeService.getStatus workspace artifact以外のworking copy changesはdirty扱いする","status":"passed","title":"workspace artifact以外のworking copy changesはdirty扱いする","duration":1.9142500000002656,"failureMessages":[],"meta":{}},{"ancestorTitles":["WorktreeService.getStatus"],"fullName":"WorktreeService.getStatus status収集に失敗した場合もfallback branch名を返す","status":"passed","title":"status収集に失敗した場合もfallback branch名を返す","duration":0.6181659999997464,"failureMessages":[],"meta":{}},{"ancestorTitles":["WorktreeService.autoHealArchiveState"],"fullName":"WorktreeService.autoHealArchiveState staleなworking copyを安全にself-healする","status":"passed","title":"staleなworking copyを安全にself-healする","duration":1.731249999999818,"failureMessages":[],"meta":{}},{"ancestorTitles":["WorktreeService.autoHealArchiveState"],"fullName":"WorktreeService.autoHealArchiveState unpushed changeがある場合はself-healしない","status":"passed","title":"unpushed changeがある場合はself-healしない","duration":0.6264580000001843,"failureMessages":[],"meta":{}},{"ancestorTitles":["WorktreeService.autoHealArchiveState"],"fullName":"WorktreeService.autoHealArchiveState 公式branchが未pushでも現在branchがpush済みならself-healする","status":"passed","title":"公式branchが未pushでも現在branchがpush済みならself-healする","duration":0.5931660000001102,"failureMessages":[],"meta":{}},{"ancestorTitles":["WorktreeService.merge"],"fullName":"WorktreeService.merge session/session-id branchがpush済みならmergeでもそのbranchを使う","status":"passed","title":"session/session-id branchがpush済みならmergeでもそのbranchを使う","duration":6.903999999999996,"failureMessages":[],"meta":{}},{"ancestorTitles":["WorktreeService.merge"],"fullName":"WorktreeService.merge PR作成時_ローカルパスではなくGitHub repo specを渡す","status":"passed","title":"PR作成時_ローカルパスではなくGitHub repo specを渡す","duration":6.433332999999948,"failureMessages":[],"meta":{}}],"startTime":1783770667538,"endTime":1783770667600.4333,"status":"passed","message":"","name":"/Users/ksato/workspace/code/brainbase/.worktrees/jj-retirement/tests/server/services/worktree-service-commit-log.test.js"},{"assertionResults":[{"ancestorTitles":["WorktreeService conflict inspection","_isBenignConflictInspectError"],"fullName":"WorktreeService conflict inspection _isBenignConflictInspectError not a git repository_benignと判定する","status":"passed","title":"not a git repository_benignと判定する","duration":3.578625000000102,"failureMessages":[],"meta":{}},{"ancestorTitles":["WorktreeService conflict inspection","_isBenignConflictInspectError"],"fullName":"WorktreeService conflict inspection _isBenignConflictInspectError 一般的なgitエラー_benignではない","status":"passed","title":"一般的なgitエラー_benignではない","duration":1.131750000000011,"failureMessages":[],"meta":{}},{"ancestorTitles":["WorktreeService conflict inspection","_hasWorkingCopyConflicts"],"fullName":"WorktreeService conflict inspection _hasWorkingCopyConflicts worktreeが消えている場合_falseを返しwarnしない","status":"passed","title":"worktreeが消えている場合_falseを返しwarnしない","duration":2.3362919999999576,"failureMessages":[],"meta":{}},{"ancestorTitles":["WorktreeService conflict inspection","_hasWorkingCopyConflicts"],"fullName":"WorktreeService conflict inspection _hasWorkingCopyConflicts conflictなし_falseを返す","status":"passed","title":"conflictなし_falseを返す","duration":2.637583000000177,"failureMessages":[],"meta":{}},{"ancestorTitles":["WorktreeService conflict inspection","_hasWorkingCopyConflicts"],"fullName":"WorktreeService conflict inspection _hasWorkingCopyConflicts 一般的なgitエラー_falseを返すが従来どおりwarnする","status":"passed","title":"一般的なgitエラー_falseを返すが従来どおりwarnする","duration":1.435667000000194,"failureMessages":[],"meta":{}},{"ancestorTitles":["WorktreeService conflict inspection","_hasWorkingCopyConflicts"],"fullName":"WorktreeService conflict inspection _hasWorkingCopyConflicts conflictあり_trueを返す","status":"passed","title":"conflictあり_trueを返す","duration":2.622624999999971,"failureMessages":[],"meta":{}}],"startTime":1783770667535,"endTime":1783770667550.6226,"status":"passed","message":"","name":"/Users/ksato/workspace/code/brainbase/.worktrees/jj-retirement/tests/server/services/worktree-service-conflict-inspect.test.js"},{"assertionResults":[{"ancestorTitles":["story-worktree-service-git-migration ac:1 session worktree lifecycle completes via git worktree/branch only"],"fullName":"story-worktree-service-git-migration ac:1 session worktree lifecycle completes via git worktree/branch only story-worktree-service-git-migration S-001 create() creates the worktree with git worktree add -b and never shells out to jj","status":"passed","title":"story-worktree-service-git-migration S-001 create() creates the worktree with git worktree add -b and never shells out to jj","duration":15.198709000000235,"failureMessages":[],"meta":{}},{"ancestorTitles":["story-worktree-service-git-migration ac:1 session worktree lifecycle completes via git worktree/branch only"],"fullName":"story-worktree-service-git-migration ac:1 session worktree lifecycle completes via git worktree/branch only story-worktree-service-git-migration S-006 remove() removes the worktree with git worktree remove --force and deletes the session branch","status":"passed","title":"story-worktree-service-git-migration S-006 remove() removes the worktree with git worktree remove --force and deletes the session branch","duration":4.133166999999958,"failureMessages":[],"meta":{}},{"ancestorTitles":["story-worktree-service-git-migration ac:1 session worktree lifecycle completes via git worktree/branch only"],"fullName":"story-worktree-service-git-migration ac:1 session worktree lifecycle completes via git worktree/branch only story-worktree-service-git-migration S-001 create() reuses an already-registered worktree (from git worktree list --porcelain) instead of re-adding it","status":"passed","title":"story-worktree-service-git-migration S-001 create() reuses an already-registered worktree (from git worktree list --porcelain) instead of re-adding it","duration":8.970124999999825,"failureMessages":[],"meta":{}},{"ancestorTitles":["story-worktree-service-git-migration ac:2 merge deployment guard reports ready:false on mismatch/dirty and ok_ignored_artifact_delta for artifact-only diffs"],"fullName":"story-worktree-service-git-migration ac:2 merge deployment guard reports ready:false on mismatch/dirty and ok_ignored_artifact_delta for artifact-only diffs canonical repo not a git repo -> ready:false reason:not_git_repo","status":"passed","title":"canonical repo not a git repo -> ready:false reason:not_git_repo","duration":4.76299999999992,"failureMessages":[],"meta":{}},{"ancestorTitles":["story-worktree-service-git-migration ac:2 merge deployment guard reports ready:false on mismatch/dirty and ok_ignored_artifact_delta for artifact-only diffs"],"fullName":"story-worktree-service-git-migration ac:2 merge deployment guard reports ready:false on mismatch/dirty and ok_ignored_artifact_delta for artifact-only diffs dirty working tree (non-artifact path) -> ready:false reason:canonical_workspace_dirty","status":"passed","title":"dirty working tree (non-artifact path) -> ready:false reason:canonical_workspace_dirty","duration":2.137249999999767,"failureMessages":[],"meta":{}},{"ancestorTitles":["story-worktree-service-git-migration ac:2 merge deployment guard reports ready:false on mismatch/dirty and ok_ignored_artifact_delta for artifact-only diffs"],"fullName":"story-worktree-service-git-migration ac:2 merge deployment guard reports ready:false on mismatch/dirty and ok_ignored_artifact_delta for artifact-only diffs story-worktree-service-git-migration S-002 HEAD ahead of main with non-artifact diff -> ready:false reason:canonical_workspace_not_deployed","status":"passed","title":"story-worktree-service-git-migration S-002 HEAD ahead of main with non-artifact diff -> ready:false reason:canonical_workspace_not_deployed","duration":2.6770839999999225,"failureMessages":[],"meta":{}},{"ancestorTitles":["story-worktree-service-git-migration ac:2 merge deployment guard reports ready:false on mismatch/dirty and ok_ignored_artifact_delta for artifact-only diffs"],"fullName":"story-worktree-service-git-migration ac:2 merge deployment guard reports ready:false on mismatch/dirty and ok_ignored_artifact_delta for artifact-only diffs story-worktree-service-git-migration S-003 HEAD ahead of main with artifact-only diff -> ready:true reason:ok_ignored_artifact_delta","status":"passed","title":"story-worktree-service-git-migration S-003 HEAD ahead of main with artifact-only diff -> ready:true reason:ok_ignored_artifact_delta","duration":2.3961669999998776,"failureMessages":[],"meta":{}},{"ancestorTitles":["story-worktree-service-git-migration ac:2 merge deployment guard reports ready:false on mismatch/dirty and ok_ignored_artifact_delta for artifact-only diffs"],"fullName":"story-worktree-service-git-migration ac:2 merge deployment guard reports ready:false on mismatch/dirty and ok_ignored_artifact_delta for artifact-only diffs unresolvable HEAD/main revision -> ready:false reason:unresolved_git_revision","status":"passed","title":"unresolvable HEAD/main revision -> ready:false reason:unresolved_git_revision","duration":1.369416000000001,"failureMessages":[],"meta":{}},{"ancestorTitles":["story-worktree-service-git-migration ac:3 syncCanonicalWorkspaceAfterMerge uses fetch+checkout -B and fails loud on error"],"fullName":"story-worktree-service-git-migration ac:3 syncCanonicalWorkspaceAfterMerge uses fetch+checkout -B and fails loud on error story-worktree-service-git-migration S-004 successful sync runs git fetch origin then git checkout -B <main> origin/<main>","status":"passed","title":"story-worktree-service-git-migration S-004 successful sync runs git fetch origin then git checkout -B <main> origin/<main>","duration":3.793333000000075,"failureMessages":[],"meta":{}},{"ancestorTitles":["story-worktree-service-git-migration ac:3 syncCanonicalWorkspaceAfterMerge uses fetch+checkout -B and fails loud on error"],"fullName":"story-worktree-service-git-migration ac:3 syncCanonicalWorkspaceAfterMerge uses fetch+checkout -B and fails loud on error story-worktree-service-git-migration S-004 checkout -B failure (e.g. would clobber local changes) is reported as deploy_sync_failed, not silently swallowed","status":"passed","title":"story-worktree-service-git-migration S-004 checkout -B failure (e.g. would clobber local changes) is reported as deploy_sync_failed, not silently swallowed","duration":1.80862500000012,"failureMessages":[],"meta":{}},{"ancestorTitles":["story-worktree-service-git-migration ac:3 syncCanonicalWorkspaceAfterMerge uses fetch+checkout -B and fails loud on error"],"fullName":"story-worktree-service-git-migration ac:3 syncCanonicalWorkspaceAfterMerge uses fetch+checkout -B and fails loud on error sync succeeds but guard still not ready afterwards -> success:false with guard reason surfaced","status":"passed","title":"sync succeeds but guard still not ready afterwards -> success:false with guard reason surfaced","duration":2.5816249999998035,"failureMessages":[],"meta":{}},{"ancestorTitles":["story-worktree-service-git-migration ac:4 getStatus reports unpushed commits, dirty working copy, and conflicts using git only"],"fullName":"story-worktree-service-git-migration ac:4 getStatus reports unpushed commits, dirty working copy, and conflicts using git only story-worktree-service-git-migration S-005 unpushed commit count comes from git rev-list --count","status":"passed","title":"story-worktree-service-git-migration S-005 unpushed commit count comes from git rev-list --count","duration":2.9837499999998727,"failureMessages":[],"meta":{}},{"ancestorTitles":["story-worktree-service-git-migration ac:4 getStatus reports unpushed commits, dirty working copy, and conflicts using git only"],"fullName":"story-worktree-service-git-migration ac:4 getStatus reports unpushed commits, dirty working copy, and conflicts using git only story-worktree-service-git-migration S-005 dirty working copy detected via git status --porcelain (non-artifact path)","status":"passed","title":"story-worktree-service-git-migration S-005 dirty working copy detected via git status --porcelain (non-artifact path)","duration":0.5565000000001419,"failureMessages":[],"meta":{}},{"ancestorTitles":["story-worktree-service-git-migration ac:4 getStatus reports unpushed commits, dirty working copy, and conflicts using git only"],"fullName":"story-worktree-service-git-migration ac:4 getStatus reports unpushed commits, dirty working copy, and conflicts using git only story-worktree-service-git-migration S-005 conflicts detected via git ls-files -u","status":"passed","title":"story-worktree-service-git-migration S-005 conflicts detected via git ls-files -u","duration":0.2730420000002596,"failureMessages":[],"meta":{}},{"ancestorTitles":["story-worktree-service-git-migration ac:5 no jj command invocation remains in worktree-service.js"],"fullName":"story-worktree-service-git-migration ac:5 no jj command invocation remains in worktree-service.js the source file contains no jj CLI invocations","status":"passed","title":"the source file contains no jj CLI invocations","duration":10.249291999999969,"failureMessages":[],"meta":{}}],"startTime":1783770667542,"endTime":1783770667607.2493,"status":"passed","message":"","name":"/Users/ksato/workspace/code/brainbase/.worktrees/jj-retirement/tests/server/services/worktree-service-git-migration.test.js"},{"assertionResults":[{"ancestorTitles":["WorktreeService.remove"],"fullName":"WorktreeService.remove worktree remove成功後にpathが残っている場合_falseを返す","status":"passed","title":"worktree remove成功後にpathが残っている場合_falseを返す","duration":9.977917000000161,"failureMessages":[],"meta":{}},{"ancestorTitles":["WorktreeService.remove"],"fullName":"WorktreeService.remove worktree remove成功後にpathが存在しない場合_trueを返しbranchを削除する","status":"passed","title":"worktree remove成功後にpathが存在しない場合_trueを返しbranchを削除する","duration":4.1724169999997684,"failureMessages":[],"meta":{}},{"ancestorTitles":["WorktreeService.remove"],"fullName":"WorktreeService.remove worktree remove失敗時_fs.rmとworktree pruneへフォールバックする","status":"passed","title":"worktree remove失敗時_fs.rmとworktree pruneへフォールバックする","duration":7.858041999999841,"failureMessages":[],"meta":{}},{"ancestorTitles":["WorktreeService.remove"],"fullName":"WorktreeService.remove INV-2: workspaceId指定時はそのgenerationの物理ディレクトリとbranchを掃除する","status":"passed","title":"INV-2: workspaceId指定時はそのgenerationの物理ディレクトリとbranchを掃除する","duration":10.4709170000001,"failureMessages":[],"meta":{}},{"ancestorTitles":["WorktreeService.merge cleanup"],"fullName":"WorktreeService.merge cleanup PR merge後に物理ディレクトリが残っている場合_falseを返す","status":"passed","title":"PR merge後に物理ディレクトリが残っている場合_falseを返す","duration":4.298208000000159,"failureMessages":[],"meta":{}},{"ancestorTitles":["WorktreeService merge deployment guard"],"fullName":"WorktreeService merge deployment guard canonical repoのHEADがmainに追いついていない場合_ready=falseを返す","status":"passed","title":"canonical repoのHEADがmainに追いついていない場合_ready=falseを返す","duration":3.644749999999931,"failureMessages":[],"meta":{}},{"ancestorTitles":["WorktreeService merge deployment guard"],"fullName":"WorktreeService merge deployment guard canonical repoの差分がworkspace artifactだけなら_ready=trueを返す","status":"passed","title":"canonical repoの差分がworkspace artifactだけなら_ready=trueを返す","duration":4.666625000000295,"failureMessages":[],"meta":{}},{"ancestorTitles":["WorktreeService merge deployment guard"],"fullName":"WorktreeService merge deployment guard canonical repoがgitでない場合_not_git_repoでready=falseを返す","status":"passed","title":"canonical repoがgitでない場合_not_git_repoでready=falseを返す","duration":2.1914170000000013,"failureMessages":[],"meta":{}},{"ancestorTitles":["WorktreeService merge deployment guard"],"fullName":"WorktreeService merge deployment guard merge後のcanonical repo同期でfetchとcheckout -Bを実行する","status":"passed","title":"merge後のcanonical repo同期でfetchとcheckout -Bを実行する","duration":4.27350000000024,"failureMessages":[],"meta":{}},{"ancestorTitles":["WorktreeService merge deployment guard"],"fullName":"WorktreeService merge deployment guard checkout -Bが失敗した場合_deploy_sync_failedを返す","status":"passed","title":"checkout -Bが失敗した場合_deploy_sync_failedを返す","duration":5.459458999999697,"failureMessages":[],"meta":{}}],"startTime":1783770667538,"endTime":1783770667596.4595,"status":"passed","message":"","name":"/Users/ksato/workspace/code/brainbase/.worktrees/jj-retirement/tests/server/services/worktree-service-remove.test.js"},{"assertionResults":[{"ancestorTitles":["WorktreeService _withRepoLock"],"fullName":"WorktreeService _withRepoLock 同一repoPathでの呼び出しを直列実行する","status":"passed","title":"同一repoPathでの呼び出しを直列実行する","duration":3.4194589999997334,"failureMessages":[],"meta":{}},{"ancestorTitles":["WorktreeService _withRepoLock"],"fullName":"WorktreeService _withRepoLock 異なるrepoPathの呼び出しは並列実行される","status":"passed","title":"異なるrepoPathの呼び出しは並列実行される","duration":2.5147499999998217,"failureMessages":[],"meta":{}},{"ancestorTitles":["WorktreeService _withRepoLock"],"fullName":"WorktreeService _withRepoLock chain内のerrorは後続の呼び出しを止めない","status":"passed","title":"chain内のerrorは後続の呼び出しを止めない","duration":3.121875000000273,"failureMessages":[],"meta":{}},{"ancestorTitles":["WorktreeService _execGitWithLockRetry mutex"],"fullName":"WorktreeService _execGitWithLockRetry mutex 同一repoPathで並走呼び出されたとき内部execが直列実行される","status":"passed","title":"同一repoPathで並走呼び出されたとき内部execが直列実行される","duration":1.9526660000001357,"failureMessages":[],"meta":{}},{"ancestorTitles":["WorktreeService _execGitWithLockRetry mutex"],"fullName":"WorktreeService _execGitWithLockRetry mutex コマンドをgit -C repoPath形式に組み立てて実行する","status":"passed","title":"コマンドをgit -C repoPath形式に組み立てて実行する","duration":2.0902090000004137,"failureMessages":[],"meta":{}},{"ancestorTitles":["WorktreeService.merge uses _execGitWithLockRetry for main-repo writes"],"fullName":"WorktreeService.merge uses _execGitWithLockRetry for main-repo writes git push が _execGitWithLockRetry 経由で実行される（stale index.lock auto-recovery 有効）","status":"passed","title":"git push が _execGitWithLockRetry 経由で実行される（stale index.lock auto-recovery 有効）","duration":17.7140830000003,"failureMessages":[],"meta":{}}],"startTime":1783770667535,"endTime":1783770667566.714,"status":"passed","message":"","name":"/Users/ksato/workspace/code/brainbase/.worktrees/jj-retirement/tests/server/services/worktree-service-repo-mutex.test.js"},{"assertionResults":[{"ancestorTitles":["WorktreeService stale index.lock recovery","_isIndexLockError"],"fullName":"WorktreeService stale index.lock recovery _isIndexLockError index.lockメッセージを含むエラーをtrueと判定する","status":"passed","title":"index.lockメッセージを含むエラーをtrueと判定する","duration":3.783915999999863,"failureMessages":[],"meta":{}},{"ancestorTitles":["WorktreeService stale index.lock recovery","_isIndexLockError"],"fullName":"WorktreeService stale index.lock recovery _isIndexLockError \"Could not acquire lock for index file\"メッセージをtrueと判定する","status":"passed","title":"\"Could not acquire lock for index file\"メッセージをtrueと判定する","duration":0.5169159999995827,"failureMessages":[],"meta":{}},{"ancestorTitles":["WorktreeService stale index.lock recovery","_isIndexLockError"],"fullName":"WorktreeService stale index.lock recovery _isIndexLockError 無関係なエラーをfalseと判定する","status":"passed","title":"無関係なエラーをfalseと判定する","duration":1.4643750000000182,"failureMessages":[],"meta":{}},{"ancestorTitles":["WorktreeService stale index.lock recovery","_isStaleLockfile"],"fullName":"WorktreeService stale index.lock recovery _isStaleLockfile lockfileが存在しない場合_falseを返す","status":"passed","title":"lockfileが存在しない場合_falseを返す","duration":2.0115829999999733,"failureMessages":[],"meta":{}},{"ancestorTitles":["WorktreeService stale index.lock recovery","_isStaleLockfile"],"fullName":"WorktreeService stale index.lock recovery _isStaleLockfile mtimeが30秒以内なら_lsof結果に関係なくfalse","status":"passed","title":"mtimeが30秒以内なら_lsof結果に関係なくfalse","duration":4.420166999999765,"failureMessages":[],"meta":{}},{"ancestorTitles":["WorktreeService stale index.lock recovery","_isStaleLockfile"],"fullName":"WorktreeService stale index.lock recovery _isStaleLockfile mtimeが30秒超でlsofで活物プロセス検出_falseを返す","status":"passed","title":"mtimeが30秒超でlsofで活物プロセス検出_falseを返す","duration":2.3413329999998496,"failureMessages":[],"meta":{}},{"ancestorTitles":["WorktreeService stale index.lock recovery","_isStaleLockfile"],"fullName":"WorktreeService stale index.lock recovery _isStaleLockfile mtimeが30秒超でlsofで活物プロセスなし_trueを返す","status":"passed","title":"mtimeが30秒超でlsofで活物プロセスなし_trueを返す","duration":0.7107080000000678,"failureMessages":[],"meta":{}},{"ancestorTitles":["WorktreeService stale index.lock recovery","_isStaleLockfile"],"fullName":"WorktreeService stale index.lock recovery _isStaleLockfile lsofコマンド自体が失敗しても_mtime条件を満たせばtrueを返す","status":"passed","title":"lsofコマンド自体が失敗しても_mtime条件を満たせばtrueを返す","duration":1.2678329999998823,"failureMessages":[],"meta":{}},{"ancestorTitles":["WorktreeService stale index.lock recovery","_recoverStaleLockfile"],"fullName":"WorktreeService stale index.lock recovery _recoverStaleLockfile staleなら削除してtrueを返し警告ログを出す","status":"passed","title":"staleなら削除してtrueを返し警告ログを出す","duration":11.240624999999909,"failureMessages":[],"meta":{}},{"ancestorTitles":["WorktreeService stale index.lock recovery","_recoverStaleLockfile"],"fullName":"WorktreeService stale index.lock recovery _recoverStaleLockfile staleでなければ削除せずfalseを返す","status":"passed","title":"staleでなければ削除せずfalseを返す","duration":1.3113750000002256,"failureMessages":[],"meta":{}},{"ancestorTitles":["WorktreeService stale index.lock recovery","_execGitWithLockRetry index.lock recovery"],"fullName":"WorktreeService stale index.lock recovery _execGitWithLockRetry index.lock recovery index.lockエラー発生時_lockfileがstaleなら自動削除して再試行する","status":"passed","title":"index.lockエラー発生時_lockfileがstaleなら自動削除して再試行する","duration":1.1372910000000047,"failureMessages":[],"meta":{}},{"ancestorTitles":["WorktreeService stale index.lock recovery","_execGitWithLockRetry index.lock recovery"],"fullName":"WorktreeService stale index.lock recovery _execGitWithLockRetry index.lock recovery index.lockエラー発生時_lockfileがstaleでなければ元のエラーをthrowする","status":"passed","title":"index.lockエラー発生時_lockfileがstaleでなければ元のエラーをthrowする","duration":1.0285409999996773,"failureMessages":[],"meta":{}},{"ancestorTitles":["WorktreeService stale index.lock recovery","_execGitWithLockRetry index.lock recovery"],"fullName":"WorktreeService stale index.lock recovery _execGitWithLockRetry index.lock recovery index.lock以外のエラーは従来通りthrowされる","status":"passed","title":"index.lock以外のエラーは従来通りthrowされる","duration":0.25012500000002547,"failureMessages":[],"meta":{}}],"startTime":1783770667537,"endTime":1783770667571.2502,"status":"passed","message":"","name":"/Users/ksato/workspace/code/brainbase/.worktrees/jj-retirement/tests/server/services/worktree-service-stale-lock.test.js"},{"assertionResults":[{"ancestorTitles":["WorktreeService workspace generation"],"fullName":"WorktreeService workspace generation C-1: create accepts an explicit workspace generation identity","status":"passed","title":"C-1: create accepts an explicit workspace generation identity","duration":15.158917000000201,"failureMessages":[],"meta":{}},{"ancestorTitles":["WorktreeService workspace generation"],"fullName":"WorktreeService workspace generation C-2: worktree add race reuses an existing workspace when git reports already exists","status":"passed","title":"C-2: worktree add race reuses an existing workspace when git reports already exists","duration":7.040208000000348,"failureMessages":[],"meta":{}},{"ancestorTitles":["WorktreeService workspace generation"],"fullName":"WorktreeService workspace generation C-3: worktree add fails because the branch already exists_retries without -b","status":"passed","title":"C-3: worktree add fails because the branch already exists_retries without -b","duration":9.889999999999873,"failureMessages":[],"meta":{}},{"ancestorTitles":["WorktreeService workspace generation"],"fullName":"WorktreeService workspace generation S-1: merge can retire the active generation and create the next generation","status":"passed","title":"S-1: merge can retire the active generation and create the next generation","duration":2.8691670000002887,"failureMessages":[],"meta":{}},{"ancestorTitles":["WorktreeService workspace generation"],"fullName":"WorktreeService workspace generation S-5: getStatus resolves the active workspace generation path","status":"passed","title":"S-5: getStatus resolves the active workspace generation path","duration":1.3219589999998789,"failureMessages":[],"meta":{}}],"startTime":1783770667536,"endTime":1783770667572.322,"status":"passed","message":"","name":"/Users/ksato/workspace/code/brainbase/.worktrees/jj-retirement/tests/server/services/worktree-service-workspace-generation.test.js"},{"assertionResults":[{"ancestorTitles":["WorktreeService.cleanupZombieWorktrees"],"fullName":"WorktreeService.cleanupZombieWorktrees 登録済みworktreeは削除しない","status":"passed","title":"登録済みworktreeは削除しない","duration":6.776499999999942,"failureMessages":[],"meta":{}},{"ancestorTitles":["WorktreeService.cleanupZombieWorktrees"],"fullName":"WorktreeService.cleanupZombieWorktrees story-worktree-service-git-migration S-007 git worktree listに無いworktreeをゾンビとして削除する","status":"passed","title":"story-worktree-service-git-migration S-007 git worktree listに無いworktreeをゾンビとして削除する","duration":16.09612500000003,"failureMessages":[],"meta":{}},{"ancestorTitles":["WorktreeService.cleanupZombieWorktrees"],"fullName":"WorktreeService.cleanupZombieWorktrees .gitがないディレクトリはスキップする","status":"passed","title":".gitがないディレクトリはスキップする","duration":4.669917000000169,"failureMessages":[],"meta":{}},{"ancestorTitles":["WorktreeService.cleanupZombieWorktrees"],"fullName":"WorktreeService.cleanupZombieWorktrees git worktree listコマンド失敗時は空配列を返す","status":"passed","title":"git worktree listコマンド失敗時は空配列を返す","duration":3.314582999999857,"failureMessages":[],"meta":{}},{"ancestorTitles":["WorktreeService.cleanupZombieWorktrees"],"fullName":"WorktreeService.cleanupZombieWorktrees worktreesディレクトリが空なら何もしない","status":"passed","title":"worktreesディレクトリが空なら何もしない","duration":2.0282499999998436,"failureMessages":[],"meta":{}}],"startTime":1783770667536,"endTime":1783770667569.0283,"status":"passed","message":"","name":"/Users/ksato/workspace/code/brainbase/.worktrees/jj-retirement/tests/server/services/worktree-service-zombie-cleanup.test.js"}]}