{"numTotalTestSuites":20,"numPassedTestSuites":20,"numFailedTestSuites":0,"numPendingTestSuites":0,"numTotalTests":157,"numPassedTests":157,"numFailedTests":0,"numPendingTests":0,"numTodoTests":0,"snapshot":{"added":0,"failure":false,"filesAdded":0,"filesRemoved":0,"filesRemovedList":[],"filesUnmatched":0,"filesUpdated":0,"matched":0,"total":0,"unchecked":0,"uncheckedKeysByFile":[],"unmatched":0,"updated":0,"didUpdate":false},"startTime":1783966686368,"success":true,"testResults":[{"assertionResults":[{"ancestorTitles":["MeetingSourceMcpSyncService"],"fullName":"MeetingSourceMcpSyncService normalizes MCP source artifacts into source_event-ready fields","status":"passed","title":"normalizes MCP source artifacts into source_event-ready fields","duration":1.424250000000029,"failureMessages":[],"meta":{}},{"ancestorTitles":["MeetingSourceMcpSyncService"],"fullName":"MeetingSourceMcpSyncService story-meeting-note-generation-dag-wiring AC-001 S-001 expands JSON segment transcripts into speaker-attributed plain text","status":"passed","title":"story-meeting-note-generation-dag-wiring AC-001 S-001 expands JSON segment transcripts into speaker-attributed plain text","duration":0.2841670000000249,"failureMessages":[],"meta":{}},{"ancestorTitles":["MeetingSourceMcpSyncService"],"fullName":"MeetingSourceMcpSyncService story-meeting-note-generation-dag-wiring AC-001 falls back to speakerless lines and ignores empty segments","status":"passed","title":"story-meeting-note-generation-dag-wiring AC-001 falls back to speakerless lines and ignores empty segments","duration":0.0834580000000642,"failureMessages":[],"meta":{}},{"ancestorTitles":["MeetingSourceMcpSyncService"],"fullName":"MeetingSourceMcpSyncService story-meeting-note-generation-dag-wiring AC-002 keeps the raw payload when every segment is empty","status":"passed","title":"story-meeting-note-generation-dag-wiring AC-002 keeps the raw payload when every segment is empty","duration":0.2756249999999909,"failureMessages":[],"meta":{}},{"ancestorTitles":["MeetingSourceMcpSyncService"],"fullName":"MeetingSourceMcpSyncService story-meeting-note-generation-dag-wiring AC-002 leaves plain-text and non-segment JSON transcripts unchanged","status":"passed","title":"story-meeting-note-generation-dag-wiring AC-002 leaves plain-text and non-segment JSON transcripts unchanged","duration":0.17970800000000509,"failureMessages":[],"meta":{}},{"ancestorTitles":["MeetingSourceMcpSyncService"],"fullName":"MeetingSourceMcpSyncService keeps provider-generated notes out of authoritative transcript fields","status":"passed","title":"keeps provider-generated notes out of authoritative transcript fields","duration":0.13162499999998545,"failureMessages":[],"meta":{}},{"ancestorTitles":["MeetingSourceMcpSyncService"],"fullName":"MeetingSourceMcpSyncService deduplicates Tactiq and Plaud artifacts and prefers Tactiq for online meetings","status":"passed","title":"deduplicates Tactiq and Plaud artifacts and prefers Tactiq for online meetings","duration":0.7612920000000258,"failureMessages":[],"meta":{}},{"ancestorTitles":["MeetingSourceMcpSyncService"],"fullName":"MeetingSourceMcpSyncService keeps provider failures isolated during dry-run preview","status":"passed","title":"keeps provider failures isolated during dry-run preview","duration":50.605458999999996,"failureMessages":[],"meta":{}},{"ancestorTitles":["MeetingSourceMcpSyncService"],"fullName":"MeetingSourceMcpSyncService does not create Meeting Pack candidates from provider notes without transcripts","status":"passed","title":"does not create Meeting Pack candidates from provider notes without transcripts","duration":35.64258300000006,"failureMessages":[],"meta":{}},{"ancestorTitles":["MeetingSourceMcpSyncService"],"fullName":"MeetingSourceMcpSyncService confirms a preview into Meeting Pack drafts and advances only successful provider cursors","status":"passed","title":"confirms a preview into Meeting Pack drafts and advances only successful provider cursors","duration":55.039499999999975,"failureMessages":[],"meta":{}},{"ancestorTitles":["MeetingSourceMcpSyncService"],"fullName":"MeetingSourceMcpSyncService persists one transcript copy during preview and compacts it after submit","status":"passed","title":"persists one transcript copy during preview and compacts it after submit","duration":59.498875,"failureMessages":[],"meta":{}},{"ancestorTitles":["MeetingSourceMcpSyncService"],"fullName":"MeetingSourceMcpSyncService compacts legacy submitted previews and prunes expired or excess preview records on load","status":"passed","title":"compacts legacy submitted previews and prunes expired or excess preview records on load","duration":18.86083300000007,"failureMessages":[],"meta":{}},{"ancestorTitles":["MeetingSourceMcpSyncService"],"fullName":"MeetingSourceMcpSyncService keeps draft-only previews reusable until they are submitted","status":"passed","title":"keeps draft-only previews reusable until they are submitted","duration":79.849291,"failureMessages":[],"meta":{}},{"ancestorTitles":["MeetingSourceMcpSyncService"],"fullName":"MeetingSourceMcpSyncService rejects a preview whose persisted payload exceeds the byte limit","status":"passed","title":"rejects a preview whose persisted payload exceeds the byte limit","duration":28.468374999999924,"failureMessages":[],"meta":{}},{"ancestorTitles":["MeetingSourceMcpSyncService"],"fullName":"MeetingSourceMcpSyncService prunes oldest pending previews until the persisted byte budget is met","status":"passed","title":"prunes oldest pending previews until the persisted byte budget is met","duration":78.68787500000008,"failureMessages":[],"meta":{}},{"ancestorTitles":["MeetingSourceMcpSyncService"],"fullName":"MeetingSourceMcpSyncService keeps preview payload and cursor unchanged when submission fails","status":"passed","title":"keeps preview payload and cursor unchanged when submission fails","duration":49.15245799999991,"failureMessages":[],"meta":{}},{"ancestorTitles":["MeetingSourceMcpSyncService"],"fullName":"MeetingSourceMcpSyncService treats repeated confirmation of a compacted preview as idempotent","status":"passed","title":"treats repeated confirmation of a compacted preview as idempotent","duration":59.37587499999995,"failureMessages":[],"meta":{}},{"ancestorTitles":["MeetingSourceMcpSyncService"],"fullName":"MeetingSourceMcpSyncService saves state through a temporary file and atomic rename","status":"passed","title":"saves state through a temporary file and atomic rename","duration":13.132832999999891,"failureMessages":[],"meta":{}},{"ancestorTitles":["MeetingSourceMcpSyncService"],"fullName":"MeetingSourceMcpSyncService keeps provider cursors monotonic when overlap polling returns older artifacts","status":"passed","title":"keeps provider cursors monotonic when overlap polling returns older artifacts","duration":53.764875000000075,"failureMessages":[],"meta":{}},{"ancestorTitles":["MeetingSourceMcpSyncService"],"fullName":"MeetingSourceMcpSyncService does not advance cursors when confirm is draft-only","status":"passed","title":"does not advance cursors when confirm is draft-only","duration":29.97483299999999,"failureMessages":[],"meta":{}},{"ancestorTitles":["MeetingSourceMcpSyncService"],"fullName":"MeetingSourceMcpSyncService fails provider test when the MCP adapter is not configured","status":"passed","title":"fails provider test when the MCP adapter is not configured","duration":16.964666999999963,"failureMessages":[],"meta":{}},{"ancestorTitles":["MeetingSourceMcpSyncService"],"fullName":"MeetingSourceMcpSyncService runs scheduled sync from lookback window and submits only after scope is configured","status":"passed","title":"runs scheduled sync from lookback window and submits only after scope is configured","duration":43.06462499999998,"failureMessages":[],"meta":{}},{"ancestorTitles":["MeetingSourceMcpSyncService"],"fullName":"MeetingSourceMcpSyncService advances scheduled sync cursors for provider notes without submitting Meeting Pack drafts","status":"passed","title":"advances scheduled sync cursors for provider notes without submitting Meeting Pack drafts","duration":40.15300000000002,"failureMessages":[],"meta":{}},{"ancestorTitles":["MeetingSourceMcpSyncService"],"fullName":"MeetingSourceMcpSyncService keeps scheduled sync as preview-only when project scope is not configured","status":"passed","title":"keeps scheduled sync as preview-only when project scope is not configured","duration":30.665416999999934,"failureMessages":[],"meta":{}}],"startTime":1783966686909,"endTime":1783966687655.6655,"status":"passed","message":"","name":"/private/tmp/brainbase-meeting-source-owner-hint/tests/server/meeting-source-mcp-sync-worker.test.js"},{"assertionResults":[{"ancestorTitles":["backfill Eve meeting-note dispatch CLI"],"fullName":"backfill Eve meeting-note dispatch CLI rejects --execute with no run ID before reading the ledger","status":"passed","title":"rejects --execute with no run ID before reading the ledger","duration":33.40899999999999,"failureMessages":[],"meta":{}},{"ancestorTitles":["backfill Eve meeting-note dispatch CLI"],"fullName":"backfill Eve meeting-note dispatch CLI rejects --execute with multiple run IDs before reading the ledger","status":"passed","title":"rejects --execute with multiple run IDs before reading the ledger","duration":24.789207999999917,"failureMessages":[],"meta":{}}],"startTime":1783966686880,"endTime":1783966686937.7893,"status":"passed","message":"","name":"/private/tmp/brainbase-meeting-source-owner-hint/tests/unit/backfill-eve-meeting-note-dispatch.test.js"},{"assertionResults":[{"ancestorTitles":["meeting source settings routes"],"fullName":"meeting source settings routes BDD_INTEGRATION_CATALOG_INV1_INV2 exposes integrations.sh-backed effective provider catalog without live network","status":"passed","title":"BDD_INTEGRATION_CATALOG_INV1_INV2 exposes integrations.sh-backed effective provider catalog without live network","duration":13.135916000000066,"failureMessages":[],"meta":{}},{"ancestorTitles":["meeting source settings routes"],"fullName":"meeting source settings routes BDD_INTEGRATION_CATALOG_INV3 refreshes one provider against integrations.sh and keeps Brainbase override effective","status":"passed","title":"BDD_INTEGRATION_CATALOG_INV3 refreshes one provider against integrations.sh and keeps Brainbase override effective","duration":9.035082999999986,"failureMessages":[],"meta":{}},{"ancestorTitles":["meeting source settings routes"],"fullName":"meeting source settings routes BDD_INTEGRATION_CATALOG_INV4 returns 404 for unsupported providers","status":"passed","title":"BDD_INTEGRATION_CATALOG_INV4 returns 404 for unsupported providers","duration":5.1805839999999534,"failureMessages":[],"meta":{}},{"ancestorTitles":["meeting source settings routes"],"fullName":"meeting source settings routes C-1 lists provider statuses with sync_policy without leaking credential refs","status":"passed","title":"C-1 lists provider statuses with sync_policy without leaking credential refs","duration":34.43100000000004,"failureMessages":[],"meta":{}},{"ancestorTitles":["meeting source settings routes"],"fullName":"meeting source settings routes connects and tests a provider through POST endpoints","status":"passed","title":"connects and tests a provider through POST endpoints","duration":34.85620800000004,"failureMessages":[],"meta":{}},{"ancestorTitles":["meeting source settings routes"],"fullName":"meeting source settings routes C-2/C-3 uses the runtime sync policy when preview has no explicit window","status":"passed","title":"C-2/C-3 uses the runtime sync policy when preview has no explicit window","duration":44.05404199999998,"failureMessages":[],"meta":{}},{"ancestorTitles":["meeting source settings routes"],"fullName":"meeting source settings routes C-4 resolves providers-only preview from cursor minus overlap clamped to initial backfill","status":"passed","title":"C-4 resolves providers-only preview from cursor minus overlap clamped to initial backfill","duration":87.37970799999994,"failureMessages":[],"meta":{}},{"ancestorTitles":["meeting source settings routes"],"fullName":"meeting source settings routes C-3/C-4 resolves runtime windows per provider when cursor states differ","status":"passed","title":"C-3/C-4 resolves runtime windows per provider when cursor states differ","duration":119.47275000000002,"failureMessages":[],"meta":{}},{"ancestorTitles":["meeting source settings routes"],"fullName":"meeting source settings routes returns conflict when confirm is called without a dry-run preview","status":"passed","title":"returns conflict when confirm is called without a dry-run preview","duration":20.217250000000035,"failureMessages":[],"meta":{}},{"ancestorTitles":["meeting source settings routes"],"fullName":"meeting source settings routes submits confirmed preview to review ingest through the UI-facing route","status":"passed","title":"submits confirmed preview to review ingest through the UI-facing route","duration":56.178499999999985,"failureMessages":[],"meta":{}}],"startTime":1783966686996,"endTime":1783966687420.1785,"status":"passed","message":"","name":"/private/tmp/brainbase-meeting-source-owner-hint/tests/server/routes/meeting-source-settings.test.js"},{"assertionResults":[{"ancestorTitles":["workflow routes"],"fullName":"workflow routes lists the built-in brainbase-alive workflow","status":"passed","title":"lists the built-in brainbase-alive workflow","duration":15.92070799999999,"failureMessages":[],"meta":{}},{"ancestorTitles":["workflow routes"],"fullName":"workflow routes creates a project-bound workflow using the same project ids as session creation","status":"passed","title":"creates a project-bound workflow using the same project ids as session creation","duration":5.360832999999957,"failureMessages":[],"meta":{}},{"ancestorTitles":["workflow routes"],"fullName":"workflow routes story-mana-meeting-workflow-pack-data-v1 S-001 exposes meeting pack bootstrap under Workflow Control namespace","status":"passed","title":"story-mana-meeting-workflow-pack-data-v1 S-001 exposes meeting pack bootstrap under Workflow Control namespace","duration":5.948333999999932,"failureMessages":[],"meta":{}},{"ancestorTitles":["workflow routes"],"fullName":"workflow routes story-loop-pack-design-gate-v0 exposes meeting pack design review without persisting control records","status":"passed","title":"story-loop-pack-design-gate-v0 exposes meeting pack design review without persisting control records","duration":4.255250000000046,"failureMessages":[],"meta":{}},{"ancestorTitles":["workflow routes"],"fullName":"workflow routes story-eve-runtime-session-connection-v0 exposes Eve session dispatch under Workflow Control namespace","status":"passed","title":"story-eve-runtime-session-connection-v0 exposes Eve session dispatch under Workflow Control namespace","duration":15.896166999999991,"failureMessages":[],"meta":{}},{"ancestorTitles":["workflow routes"],"fullName":"workflow routes story-eve-runtime-session-connection-v0 S-003 exposes forceNewSession without idempotent replay","status":"passed","title":"story-eve-runtime-session-connection-v0 S-003 exposes forceNewSession without idempotent replay","duration":8.335874999999987,"failureMessages":[],"meta":{}},{"ancestorTitles":["workflow routes"],"fullName":"workflow routes story-eve-runtime-session-connection-v0 gate returns 400 for caller-supplied Eve continuation tokens","status":"passed","title":"story-eve-runtime-session-connection-v0 gate returns 400 for caller-supplied Eve continuation tokens","duration":5.460458000000017,"failureMessages":[],"meta":{}},{"ancestorTitles":["workflow routes"],"fullName":"workflow routes story-eve-runtime-session-connection-v0 gate returns 400 for empty Eve dispatch messages","status":"passed","title":"story-eve-runtime-session-connection-v0 gate returns 400 for empty Eve dispatch messages","duration":2.7685000000000173,"failureMessages":[],"meta":{}},{"ancestorTitles":["workflow routes"],"fullName":"workflow routes story-eve-runtime-session-connection-v0 S-001 rejects invalid public Workflow Binding stop conditions","status":"passed","title":"story-eve-runtime-session-connection-v0 S-001 rejects invalid public Workflow Binding stop conditions","duration":3.1670839999999316,"failureMessages":[],"meta":{}},{"ancestorTitles":["workflow routes"],"fullName":"workflow routes story-eve-runtime-session-connection-v0 S-012 rejects generic run API for Eve dispatch workflows","status":"passed","title":"story-eve-runtime-session-connection-v0 S-012 rejects generic run API for Eve dispatch workflows","duration":4.944666999999981,"failureMessages":[],"meta":{}},{"ancestorTitles":["workflow routes"],"fullName":"workflow routes story-eve-runtime-session-connection-v0 FM-002 negative_path rejects Eve create failures before route writes","status":"passed","title":"story-eve-runtime-session-connection-v0 FM-002 negative_path rejects Eve create failures before route writes","duration":2.9582909999999174,"failureMessages":[],"meta":{}},{"ancestorTitles":["workflow routes"],"fullName":"workflow routes story-eve-runtime-session-connection-v0 S-013 returns route error shape and recovery evidence when Brainbase persistence fails","status":"passed","title":"story-eve-runtime-session-connection-v0 S-013 returns route error shape and recovery evidence when Brainbase persistence fails","duration":2.78712500000006,"failureMessages":[],"meta":{}},{"ancestorTitles":["workflow routes"],"fullName":"workflow routes story-eve-runtime-session-connection-v0 FM-003 boundary_condition rejects missing Eve session id before route writes","status":"passed","title":"story-eve-runtime-session-connection-v0 FM-003 boundary_condition rejects missing Eve session id before route writes","duration":3.547916999999984,"failureMessages":[],"meta":{}},{"ancestorTitles":["workflow routes"],"fullName":"workflow routes story-mana-meeting-workflow-pack-data-v1 FM-001 auth_denied rejects meeting pack bootstrap before writes","status":"passed","title":"story-mana-meeting-workflow-pack-data-v1 FM-001 auth_denied rejects meeting pack bootstrap before writes","duration":1.180250000000001,"failureMessages":[],"meta":{}},{"ancestorTitles":["workflow routes"],"fullName":"workflow routes story-meeting-workflow-calendar-input-v1 exposes calendar input ingestion under Workflow Control namespace","status":"passed","title":"story-meeting-workflow-calendar-input-v1 exposes calendar input ingestion under Workflow Control namespace","duration":2.701000000000022,"failureMessages":[],"meta":{}},{"ancestorTitles":["workflow routes"],"fullName":"workflow routes story-meeting-workflow-calendar-input-v1 FM-001 returns 400 when calendar service is not configured","status":"passed","title":"story-meeting-workflow-calendar-input-v1 FM-001 returns 400 when calendar service is not configured","duration":1.3514999999999873,"failureMessages":[],"meta":{}},{"ancestorTitles":["workflow routes"],"fullName":"workflow routes story-meeting-review-package-ingest-v1 S-001 creates a waiting-human review run from a Codex package","status":"passed","title":"story-meeting-review-package-ingest-v1 S-001 creates a waiting-human review run from a Codex package","duration":7.455708000000072,"failureMessages":[],"meta":{}},{"ancestorTitles":["workflow routes"],"fullName":"workflow routes story-meeting-note-generation-dag-wiring AC-005 S-002 auto-dispatches transcript_to_meeting_note to Eve after review ingest","status":"passed","title":"story-meeting-note-generation-dag-wiring AC-005 S-002 auto-dispatches transcript_to_meeting_note to Eve after review ingest","duration":6.364625000000046,"failureMessages":[],"meta":{}},{"ancestorTitles":["workflow routes"],"fullName":"workflow routes story-eve-dispatch-handoff-transcript-context AC-001 AC-002 AC-003 S-001 hands off transcript body, run refs and write-back contract to Eve","status":"passed","title":"story-eve-dispatch-handoff-transcript-context AC-001 AC-002 AC-003 S-001 hands off transcript body, run refs and write-back contract to Eve","duration":5.797792000000072,"failureMessages":[],"meta":{}},{"ancestorTitles":["workflow routes"],"fullName":"workflow routes story-eve-dispatch-handoff-transcript-context AC-001 S-004 resolves the ingest run from package_id on manual backfill dispatch","status":"passed","title":"story-eve-dispatch-handoff-transcript-context AC-001 S-004 resolves the ingest run from package_id on manual backfill dispatch","duration":7.336916999999971,"failureMessages":[],"meta":{}},{"ancestorTitles":["workflow routes"],"fullName":"workflow routes story-eve-dispatch-handoff-transcript-context AC-003 S-001 dispatches a new Eve session for the second meeting of the same project instead of reusing the stale session","status":"passed","title":"story-eve-dispatch-handoff-transcript-context AC-003 S-001 dispatches a new Eve session for the second meeting of the same project instead of reusing the stale session","duration":7.644499999999994,"failureMessages":[],"meta":{}},{"ancestorTitles":["workflow routes"],"fullName":"workflow routes story-eve-dispatch-handoff-transcript-context AC-004 S-002 rejects a dispatch whose run belongs to another loop intent","status":"passed","title":"story-eve-dispatch-handoff-transcript-context AC-004 S-002 rejects a dispatch whose run belongs to another loop intent","duration":5.853624999999965,"failureMessages":[],"meta":{}},{"ancestorTitles":["workflow routes"],"fullName":"workflow routes story-eve-dispatch-handoff-transcript-context AC-005 AC-007 S-002 blocks transcript-less dispatch and keeps ingest best-effort","status":"passed","title":"story-eve-dispatch-handoff-transcript-context AC-005 AC-007 S-002 blocks transcript-less dispatch and keeps ingest best-effort","duration":4.72095800000011,"failureMessages":[],"meta":{}},{"ancestorTitles":["workflow routes"],"fullName":"workflow routes story-eve-dispatch-handoff-transcript-context FM auth_denied rejects a referenced eve-session dispatch for inaccessible projects before any Eve call","status":"passed","title":"story-eve-dispatch-handoff-transcript-context FM auth_denied rejects a referenced eve-session dispatch for inaccessible projects before any Eve call","duration":2.650041999999985,"failureMessages":[],"meta":{}},{"ancestorTitles":["workflow routes"],"fullName":"workflow routes story-eve-dispatch-handoff-transcript-context AC-006 S-003 keeps dispatches without a meeting_note_generation reference unchanged","status":"passed","title":"story-eve-dispatch-handoff-transcript-context AC-006 S-003 keeps dispatches without a meeting_note_generation reference unchanged","duration":3.432125000000042,"failureMessages":[],"meta":{}},{"ancestorTitles":["workflow routes"],"fullName":"workflow routes story-meeting-note-generation-dag-wiring AC-012 S-004 dedupes re-ingest of the same recording when the hash-derived package_id changes","status":"passed","title":"story-meeting-note-generation-dag-wiring AC-012 S-004 dedupes re-ingest of the same recording when the hash-derived package_id changes","duration":4.659834000000046,"failureMessages":[],"meta":{}},{"ancestorTitles":["workflow routes"],"fullName":"workflow routes story-meeting-note-generation-dag-wiring AC-006 S-002 keeps ingest successful when Eve dispatch fails","status":"passed","title":"story-meeting-note-generation-dag-wiring AC-006 S-002 keeps ingest successful when Eve dispatch fails","duration":5.146958000000041,"failureMessages":[],"meta":{}},{"ancestorTitles":["workflow routes"],"fullName":"workflow routes story-meeting-note-generation-dag-wiring AC-007 AC-010 S-003 records generated minutes on the meeting_note_draft output","status":"passed","title":"story-meeting-note-generation-dag-wiring AC-007 AC-010 S-003 records generated minutes on the meeting_note_draft output","duration":5.19666600000005,"failureMessages":[],"meta":{}},{"ancestorTitles":["workflow routes"],"fullName":"workflow routes story-meeting-note-generation-dag-wiring AC-008 AC-009 rejects mismatched or misaddressed note write-backs","status":"passed","title":"story-meeting-note-generation-dag-wiring AC-008 AC-009 rejects mismatched or misaddressed note write-backs","duration":5.273707999999942,"failureMessages":[],"meta":{}},{"ancestorTitles":["workflow routes"],"fullName":"workflow routes story-meeting-note-generation-dag-wiring AC-012 S-004 concurrent same-recording ingests do not create duplicate runs","status":"passed","title":"story-meeting-note-generation-dag-wiring AC-012 S-004 concurrent same-recording ingests do not create duplicate runs","duration":2.627707999999984,"failureMessages":[],"meta":{}},{"ancestorTitles":["workflow routes"],"fullName":"workflow routes story-meeting-note-generation-dag-wiring AC-009 rejects unauthorized or malformed note-generation write-backs consistently","status":"passed","title":"story-meeting-note-generation-dag-wiring AC-009 rejects unauthorized or malformed note-generation write-backs consistently","duration":2.4362499999999727,"failureMessages":[],"meta":{}},{"ancestorTitles":["workflow routes"],"fullName":"workflow routes story-meeting-review-package-ingest-v1 rejects unauthorized operator before ingest writes","status":"passed","title":"story-meeting-review-package-ingest-v1 rejects unauthorized operator before ingest writes","duration":1.5205829999999878,"failureMessages":[],"meta":{}},{"ancestorTitles":["workflow routes"],"fullName":"workflow routes story-meeting-review-package-ingest-v1 parse_failure rejects malformed JSON before ingest writes","status":"passed","title":"story-meeting-review-package-ingest-v1 parse_failure rejects malformed JSON before ingest writes","duration":3.2296250000000555,"failureMessages":[],"meta":{}},{"ancestorTitles":["workflow routes"],"fullName":"workflow routes story-meeting-review-package-ingest-v1 keeps the review run visible after resolving one generated human approval","status":"passed","title":"story-meeting-review-package-ingest-v1 keeps the review run visible after resolving one generated human approval","duration":5.112959000000046,"failureMessages":[],"meta":{}},{"ancestorTitles":["workflow routes"],"fullName":"workflow routes story-meeting-review-package-ingest-v1 cancels remaining review gates after a generated human rejection","status":"passed","title":"story-meeting-review-package-ingest-v1 cancels remaining review gates after a generated human rejection","duration":4.270208000000025,"failureMessages":[],"meta":{}},{"ancestorTitles":["workflow routes"],"fullName":"workflow routes story-meeting-review-package-ingest-v1 blocks manual run and rerun for review-ingest workflow before creating extra runs","status":"passed","title":"story-meeting-review-package-ingest-v1 blocks manual run and rerun for review-ingest workflow before creating extra runs","duration":5.310375000000022,"failureMessages":[],"meta":{}},{"ancestorTitles":["workflow routes"],"fullName":"workflow routes story-meeting-review-package-ingest-v1 returns project access denial before manual run guard","status":"passed","title":"story-meeting-review-package-ingest-v1 returns project access denial before manual run guard","duration":3.03445899999997,"failureMessages":[],"meta":{}},{"ancestorTitles":["workflow routes"],"fullName":"workflow routes story-meeting-review-package-ingest-v1 INV-008 keeps package ingest idempotent","status":"passed","title":"story-meeting-review-package-ingest-v1 INV-008 keeps package ingest idempotent","duration":5.60895800000003,"failureMessages":[],"meta":{}},{"ancestorTitles":["workflow routes"],"fullName":"workflow routes story-meeting-review-package-ingest-v1 S-006 rejects missing loop intent before writes","status":"passed","title":"story-meeting-review-package-ingest-v1 S-006 rejects missing loop intent before writes","duration":2.3700830000000224,"failureMessages":[],"meta":{}},{"ancestorTitles":["workflow routes"],"fullName":"workflow routes story-meeting-review-package-ingest-v1 rejects omitted required loop intent keys before writes","status":"passed","title":"story-meeting-review-package-ingest-v1 rejects omitted required loop intent keys before writes","duration":1.1331670000000713,"failureMessages":[],"meta":{}},{"ancestorTitles":["workflow routes"],"fullName":"workflow routes story-meeting-review-package-ingest-v1 rejects omitted required output payload keys before writes","status":"passed","title":"story-meeting-review-package-ingest-v1 rejects omitted required output payload keys before writes","duration":1.1607910000000174,"failureMessages":[],"meta":{}},{"ancestorTitles":["workflow routes"],"fullName":"workflow routes story-meeting-review-package-ingest-v1 rejects missing package id with structured state transition before writes","status":"passed","title":"story-meeting-review-package-ingest-v1 rejects missing package id with structured state transition before writes","duration":1.091333000000077,"failureMessages":[],"meta":{}},{"ancestorTitles":["workflow routes"],"fullName":"workflow routes story-meeting-review-package-ingest-v1 rejects invalid scope with structured state transition before writes","status":"passed","title":"story-meeting-review-package-ingest-v1 rejects invalid scope with structured state transition before writes","duration":1.2753339999999298,"failureMessages":[],"meta":{}},{"ancestorTitles":["workflow routes"],"fullName":"workflow routes story-meeting-review-package-ingest-v1 rejects malformed loop intent map with structured state transition before writes","status":"passed","title":"story-meeting-review-package-ingest-v1 rejects malformed loop intent map with structured state transition before writes","duration":1.1327080000000933,"failureMessages":[],"meta":{}},{"ancestorTitles":["workflow routes"],"fullName":"workflow routes generates a schema-bound workflow draft without persisting a workflow","status":"passed","title":"generates a schema-bound workflow draft without persisting a workflow","duration":1.4748749999999973,"failureMessages":[],"meta":{}},{"ancestorTitles":["workflow routes"],"fullName":"workflow routes dry-runs a workflow draft without creating workflow_runs, outputs, or human steps","status":"passed","title":"dry-runs a workflow draft without creating workflow_runs, outputs, or human steps","duration":2.052167000000054,"failureMessages":[],"meta":{}},{"ancestorTitles":["workflow routes"],"fullName":"workflow routes rejects malformed workflow drafts at the schema boundary","status":"passed","title":"rejects malformed workflow drafts at the schema boundary","duration":0.9946249999999281,"failureMessages":[],"meta":{}},{"ancestorTitles":["workflow routes"],"fullName":"workflow routes rejects workflow drafts when workflow context differs from draft context","status":"passed","title":"rejects workflow drafts when workflow context differs from draft context","duration":1.477125000000001,"failureMessages":[],"meta":{}},{"ancestorTitles":["workflow routes"],"fullName":"workflow routes publishes a generated draft as a normal workflow and runs it through runWorkflow","status":"passed","title":"publishes a generated draft as a normal workflow and runs it through runWorkflow","duration":3.7222079999999096,"failureMessages":[],"meta":{}},{"ancestorTitles":["workflow routes"],"fullName":"workflow routes denies workflow draft generation for inaccessible projects","status":"passed","title":"denies workflow draft generation for inaccessible projects","duration":1.0014169999999467,"failureMessages":[],"meta":{}},{"ancestorTitles":["workflow routes"],"fullName":"workflow routes rejects create when the workflow id already exists","status":"passed","title":"rejects create when the workflow id already exists","duration":0.8901670000000195,"failureMessages":[],"meta":{}},{"ancestorTitles":["workflow routes"],"fullName":"workflow routes gets and patches a workflow through the public workflow API with audit evidence","status":"passed","title":"gets and patches a workflow through the public workflow API with audit evidence","duration":2.130207999999925,"failureMessages":[],"meta":{}},{"ancestorTitles":["workflow routes"],"fullName":"workflow routes rejects workflow creation for archived or hidden projects","status":"passed","title":"rejects workflow creation for archived or hidden projects","duration":0.7163339999999607,"failureMessages":[],"meta":{}},{"ancestorTitles":["workflow routes"],"fullName":"workflow routes rejects workflow creation without an explicit project_id","status":"passed","title":"rejects workflow creation without an explicit project_id","duration":0.8153330000000096,"failureMessages":[],"meta":{}},{"ancestorTitles":["workflow routes"],"fullName":"workflow routes denies protected workflow APIs when project grants are empty","status":"passed","title":"denies protected workflow APIs when project grants are empty","duration":1.7454999999999927,"failureMessages":[],"meta":{}},{"ancestorTitles":["workflow routes"],"fullName":"workflow routes accepts the same normalized project aliases used by session selection","status":"passed","title":"accepts the same normalized project aliases used by session selection","duration":0.7005419999999276,"failureMessages":[],"meta":{}},{"ancestorTitles":["workflow routes"],"fullName":"workflow routes does not allow arbitrary project-code prefixes for protected workflow APIs","status":"passed","title":"does not allow arbitrary project-code prefixes for protected workflow APIs","duration":1.0801659999999629,"failureMessages":[],"meta":{}},{"ancestorTitles":["workflow routes"],"fullName":"workflow routes runs brainbase-alive and returns the run detail through workflow-runs API","status":"passed","title":"runs brainbase-alive and returns the run detail through workflow-runs API","duration":3.3073329999999714,"failureMessages":[],"meta":{}},{"ancestorTitles":["workflow routes"],"fullName":"workflow routes prioritizes actionable workflows before healthy workflows in the Mission Control list","status":"passed","title":"prioritizes actionable workflows before healthy workflows in the Mission Control list","duration":2.408957999999984,"failureMessages":[],"meta":{}},{"ancestorTitles":["workflow routes"],"fullName":"workflow routes resolves a pending human step through the run-scoped human-step API and resumes through runWorkflow","status":"passed","title":"resolves a pending human step through the run-scoped human-step API and resumes through runWorkflow","duration":1.5882909999999129,"failureMessages":[],"meta":{}},{"ancestorTitles":["workflow routes"],"fullName":"workflow routes denies human step resolution by another project member who is not the requester or approver","status":"passed","title":"denies human step resolution by another project member who is not the requester or approver","duration":1.5801659999999629,"failureMessages":[],"meta":{}},{"ancestorTitles":["workflow routes"],"fullName":"workflow routes does not resume a human-gated workflow when the human step is rejected","status":"passed","title":"does not resume a human-gated workflow when the human step is rejected","duration":2.3362079999999423,"failureMessages":[],"meta":{}},{"ancestorTitles":["workflow routes"],"fullName":"workflow routes keeps the legacy human-step resolve alias behind the same approval and resume semantics","status":"passed","title":"keeps the legacy human-step resolve alias behind the same approval and resume semantics","duration":1.908457999999996,"failureMessages":[],"meta":{}},{"ancestorTitles":["workflow routes"],"fullName":"workflow routes exposes org role-agent control routes under the control namespace","status":"passed","title":"exposes org role-agent control routes under the control namespace","duration":3.921791999999982,"failureMessages":[],"meta":{}},{"ancestorTitles":["workflow routes"],"fullName":"workflow routes keeps existing workflow-id GET semantics for legacy control path names","status":"passed","title":"keeps existing workflow-id GET semantics for legacy control path names","duration":2.013500000000022,"failureMessages":[],"meta":{}},{"ancestorTitles":["workflow routes"],"fullName":"workflow routes keeps workflow control POST writes scoped to the canonical control namespace","status":"passed","title":"keeps workflow control POST writes scoped to the canonical control namespace","duration":1.5658329999999978,"failureMessages":[],"meta":{}},{"ancestorTitles":["workflow routes"],"fullName":"workflow routes denies workflow template create and list paths when project grants are empty","status":"passed","title":"denies workflow template create and list paths when project grants are empty","duration":2.381167000000005,"failureMessages":[],"meta":{}},{"ancestorTitles":["workflow routes"],"fullName":"workflow routes documents workflow API auth mounting in register-api-routes","status":"passed","title":"documents workflow API auth mounting in register-api-routes","duration":0.3774580000000469,"failureMessages":[],"meta":{}}],"startTime":1783966687009,"endTime":1783966687251.381,"status":"passed","message":"","name":"/private/tmp/brainbase-meeting-source-owner-hint/tests/server/routes/workflows.test.js"},{"assertionResults":[{"ancestorTitles":["extractMeetingNoteToolCalls"],"fullName":"extractMeetingNoteToolCalls collects record_meeting_note_generation tool-call inputs from actions.requested events","status":"passed","title":"collects record_meeting_note_generation tool-call inputs from actions.requested events","duration":1.31574999999998,"failureMessages":[],"meta":{}},{"ancestorTitles":["extractMeetingNoteToolCalls"],"fullName":"extractMeetingNoteToolCalls ignores malformed events without throwing","status":"passed","title":"ignores malformed events without throwing","duration":0.2143750000000182,"failureMessages":[],"meta":{}},{"ancestorTitles":["extractMeetingCandidatesToolCalls"],"fullName":"extractMeetingCandidatesToolCalls collects only record_meeting_candidates tool-call inputs, ignoring note calls","status":"passed","title":"collects only record_meeting_candidates tool-call inputs, ignoring note calls","duration":0.2511250000000018,"failureMessages":[],"meta":{}},{"ancestorTitles":["extractMeetingCandidatesToolCalls"],"fullName":"extractMeetingCandidatesToolCalls ignores malformed events without throwing","status":"passed","title":"ignores malformed events without throwing","duration":0.2652500000000373,"failureMessages":[],"meta":{}},{"ancestorTitles":["classifySessionStreamPhase"],"fullName":"classifySessionStreamPhase classifies parked, completed, failed, and in-progress streams","status":"passed","title":"classifies parked, completed, failed, and in-progress streams","duration":0.17016699999999219,"failureMessages":[],"meta":{}},{"ancestorTitles":["classifySessionStreamPhase"],"fullName":"classifySessionStreamPhase uses the terminal-most boundary event when a session resumed after parking","status":"passed","title":"uses the terminal-most boundary event when a session resumed after parking","duration":0.040124999999989086,"failureMessages":[],"meta":{}},{"ancestorTitles":["EveMeetingNoteReconciler"],"fullName":"EveMeetingNoteReconciler records the generated note from the session stream and closes the dispatch run","status":"passed","title":"records the generated note from the session stream and closes the dispatch run","duration":12.490791999999942,"failureMessages":[],"meta":{}},{"ancestorTitles":["EveMeetingNoteReconciler"],"fullName":"EveMeetingNoteReconciler rejects a note whose source_text_hash does not match the dispatch handoff","status":"passed","title":"rejects a note whose source_text_hash does not match the dispatch handoff","duration":2.960333999999989,"failureMessages":[],"meta":{}},{"ancestorTitles":["EveMeetingNoteReconciler"],"fullName":"EveMeetingNoteReconciler leaves in-progress sessions pending and retries on the next tick","status":"passed","title":"leaves in-progress sessions pending and retries on the next tick","duration":2.5600420000000668,"failureMessages":[],"meta":{}},{"ancestorTitles":["EveMeetingNoteReconciler"],"fullName":"EveMeetingNoteReconciler blocks a dispatch run whose session parked without any note call","status":"passed","title":"blocks a dispatch run whose session parked without any note call","duration":2.007667000000083,"failureMessages":[],"meta":{}},{"ancestorTitles":["EveMeetingNoteReconciler"],"fullName":"EveMeetingNoteReconciler closes the dispatch run without re-recording when the note was already generated","status":"passed","title":"closes the dispatch run without re-recording when the note was already generated","duration":2.2420829999999796,"failureMessages":[],"meta":{}},{"ancestorTitles":["EveMeetingNoteReconciler"],"fullName":"EveMeetingNoteReconciler blocks the dispatch run permanently when the record contract rejects the note (hash divergence after re-ingest)","status":"passed","title":"blocks the dispatch run permanently when the record contract rejects the note (hash divergence after re-ingest)","duration":1.9216659999999592,"failureMessages":[],"meta":{}},{"ancestorTitles":["EveMeetingNoteReconciler"],"fullName":"EveMeetingNoteReconciler does not clobber a run that another writer closed while the stream was being read","status":"passed","title":"does not clobber a run that another writer closed while the stream was being read","duration":2.069749999999999,"failureMessages":[],"meta":{}},{"ancestorTitles":["EveMeetingNoteReconciler"],"fullName":"EveMeetingNoteReconciler preserves stream failure diagnostics when the recovery poll closes the run","status":"passed","title":"preserves stream failure diagnostics when the recovery poll closes the run","duration":2.9109999999999445,"failureMessages":[],"meta":{}},{"ancestorTitles":["EveMeetingNoteReconciler"],"fullName":"EveMeetingNoteReconciler classifies a transient note write failure separately from stream polling","status":"passed","title":"classifies a transient note write failure separately from stream polling","duration":4.26358300000004,"failureMessages":[],"meta":{}},{"ancestorTitles":["EveMeetingNoteReconciler"],"fullName":"EveMeetingNoteReconciler skips entirely when the eve session client is not configured","status":"passed","title":"skips entirely when the eve session client is not configured","duration":0.09104200000001583,"failureMessages":[],"meta":{}},{"ancestorTitles":["EveMeetingNoteReconciler"],"fullName":"EveMeetingNoteReconciler does not pick up non-eve or already finished runs","status":"passed","title":"does not pick up non-eve or already finished runs","duration":1.7352499999999509,"failureMessages":[],"meta":{}},{"ancestorTitles":["EveMeetingNoteReconciler"],"fullName":"EveMeetingNoteReconciler startScheduledReconcile honors enabled/configured guards","status":"passed","title":"startScheduledReconcile honors enabled/configured guards","duration":0.18920799999989413,"failureMessages":[],"meta":{}},{"ancestorTitles":["WorkflowService.recordMeetingCandidates"],"fullName":"WorkflowService.recordMeetingCandidates normalizes and writes Eve candidates onto the sibling outputs when the hash matches","status":"passed","title":"normalizes and writes Eve candidates onto the sibling outputs when the hash matches","duration":2.589708000000087,"failureMessages":[],"meta":{}},{"ancestorTitles":["WorkflowService.recordMeetingCandidates"],"fullName":"WorkflowService.recordMeetingCandidates rejects candidates whose source_text_hash does not match the meeting_note_draft output","status":"passed","title":"rejects candidates whose source_text_hash does not match the meeting_note_draft output","duration":1.20575000000008,"failureMessages":[],"meta":{}},{"ancestorTitles":["WorkflowService.recordMeetingCandidates"],"fullName":"WorkflowService.recordMeetingCandidates rejects malformed candidate payloads before changing any output or audit history","status":"passed","title":"rejects malformed candidate payloads before changing any output or audit history","duration":2.250291999999945,"failureMessages":[],"meta":{}},{"ancestorTitles":["WorkflowService.recordMeetingCandidates"],"fullName":"WorkflowService.recordMeetingCandidates rolls back all candidate outputs and audit history when a mid-write update fails","status":"passed","title":"rolls back all candidate outputs and audit history when a mid-write update fails","duration":2.001209000000017,"failureMessages":[],"meta":{}},{"ancestorTitles":["EveMeetingNoteReconciler candidate write-back"],"fullName":"EveMeetingNoteReconciler candidate write-back records LLM candidates from the same session after the note and closes on the note","status":"passed","title":"records LLM candidates from the same session after the note and closes on the note","duration":2.6048749999999927,"failureMessages":[],"meta":{}},{"ancestorTitles":["EveMeetingNoteReconciler candidate write-back"],"fullName":"EveMeetingNoteReconciler candidate write-back keeps an Eve candidate unassigned when People SSOT has multiple matching owners","status":"passed","title":"keeps an Eve candidate unassigned when People SSOT has multiple matching owners","duration":2.7212919999999485,"failureMessages":[],"meta":{}},{"ancestorTitles":["EveMeetingNoteReconciler candidate write-back"],"fullName":"EveMeetingNoteReconciler candidate write-back closes on the note even when no candidate tool-call is present (candidates are best-effort)","status":"passed","title":"closes on the note even when no candidate tool-call is present (candidates are best-effort)","duration":2.6701249999999845,"failureMessages":[],"meta":{}},{"ancestorTitles":["EveMeetingNoteReconciler candidate write-back"],"fullName":"EveMeetingNoteReconciler candidate write-back does not block the dispatch run when a candidate write-back is rejected (hash mismatch)","status":"passed","title":"does not block the dispatch run when a candidate write-back is rejected (hash mismatch)","duration":1.595042000000035,"failureMessages":[],"meta":{}},{"ancestorTitles":["EveMeetingNoteReconciler candidate write-back"],"fullName":"EveMeetingNoteReconciler candidate write-back rejects candidate calls outside the exact org, project, and run scope","status":"passed","title":"rejects candidate calls outside the exact org, project, and run scope","duration":1.5354579999999487,"failureMessages":[],"meta":{}},{"ancestorTitles":["EveMeetingNoteReconciler candidate write-back"],"fullName":"EveMeetingNoteReconciler candidate write-back preserves the excluded candidate count when a matching call is also recorded","status":"passed","title":"preserves the excluded candidate count when a matching call is also recorded","duration":2.0028750000000173,"failureMessages":[],"meta":{}},{"ancestorTitles":["EveMeetingNoteReconciler candidate write-back"],"fullName":"EveMeetingNoteReconciler candidate write-back blocks for operator recovery when a matching candidate write-back throws","status":"passed","title":"blocks for operator recovery when a matching candidate write-back throws","duration":1.6768329999999878,"failureMessages":[],"meta":{}},{"ancestorTitles":["EveMeetingNoteReconciler candidate write-back"],"fullName":"EveMeetingNoteReconciler candidate write-back recovers candidates when the meeting note was already recorded before reconciliation","status":"passed","title":"recovers candidates when the meeting note was already recorded before reconciliation","duration":1.9639170000000377,"failureMessages":[],"meta":{}},{"ancestorTitles":["EveMeetingNoteReconciler candidate write-back"],"fullName":"EveMeetingNoteReconciler candidate write-back keeps polling when the note arrives before candidates in an active session","status":"passed","title":"keeps polling when the note arrives before candidates in an active session","duration":2.8149589999999307,"failureMessages":[],"meta":{}},{"ancestorTitles":["EveMeetingNoteReconciler candidate write-back"],"fullName":"EveMeetingNoteReconciler candidate write-back FM-002 workflow_state_regression retries candidate write-back while the Eve session is active","status":"passed","title":"FM-002 workflow_state_regression retries candidate write-back while the Eve session is active","duration":2.803250000000048,"failureMessages":[],"meta":{}},{"ancestorTitles":["POST /api/workflows/control/meeting-pack/eve-note-reconcile"],"fullName":"POST /api/workflows/control/meeting-pack/eve-note-reconcile runs the reconciler once and returns the summary","status":"passed","title":"runs the reconciler once and returns the summary","duration":14.985209000000054,"failureMessages":[],"meta":{}},{"ancestorTitles":["POST /api/workflows/control/meeting-pack/eve-note-reconcile"],"fullName":"POST /api/workflows/control/meeting-pack/eve-note-reconcile rejects non-global-operator actors with 403","status":"passed","title":"rejects non-global-operator actors with 403","duration":1.9405000000000427,"failureMessages":[],"meta":{}},{"ancestorTitles":["POST /api/workflows/control/meeting-pack/eve-note-reconcile"],"fullName":"POST /api/workflows/control/meeting-pack/eve-note-reconcile returns 503 when the reconciler is not wired","status":"passed","title":"returns 503 when the reconciler is not wired","duration":1.3303750000000036,"failureMessages":[],"meta":{}},{"ancestorTitles":["createEveMeetingNoteReconcilerConfigFromEnv"],"fullName":"createEveMeetingNoteReconcilerConfigFromEnv defaults to enabled and reads interval/immediate overrides","status":"passed","title":"defaults to enabled and reads interval/immediate overrides","duration":0.0738339999999198,"failureMessages":[],"meta":{}}],"startTime":1783966687014,"endTime":1783966687101.3303,"status":"passed","message":"","name":"/private/tmp/brainbase-meeting-source-owner-hint/tests/server/services/eve-meeting-note-reconciler.test.js"},{"assertionResults":[{"ancestorTitles":["EveSessionClient"],"fullName":"EveSessionClient creates an Eve session through the official /eve/v1/session API shape","status":"passed","title":"creates an Eve session through the official /eve/v1/session API shape","duration":4.796999999999969,"failureMessages":[],"meta":{}},{"ancestorTitles":["EveSessionClient"],"fullName":"EveSessionClient rejects caller-supplied continuation tokens before Eve network calls","status":"passed","title":"rejects caller-supplied continuation tokens before Eve network calls","duration":0.553291999999999,"failureMessages":[],"meta":{}},{"ancestorTitles":["EveSessionClient"],"fullName":"EveSessionClient reads the Eve session stream as newline-delimited JSON events","status":"passed","title":"reads the Eve session stream as newline-delimited JSON events","duration":0.6102920000000154,"failureMessages":[],"meta":{}},{"ancestorTitles":["EveSessionClient"],"fullName":"EveSessionClient fails loudly when Eve returns a non-2xx response","status":"passed","title":"fails loudly when Eve returns a non-2xx response","duration":0.33575000000001864,"failureMessages":[],"meta":{}},{"ancestorTitles":["EveSessionClient"],"fullName":"EveSessionClient preserves HTTP status when Eve returns malformed JSON on a non-2xx response","status":"passed","title":"preserves HTTP status when Eve returns malformed JSON on a non-2xx response","duration":0.23075000000000045,"failureMessages":[],"meta":{}},{"ancestorTitles":["EveSessionClient"],"fullName":"EveSessionClient does not trust session ids from the Eve response body","status":"passed","title":"does not trust session ids from the Eve response body","duration":0.24475000000001046,"failureMessages":[],"meta":{}},{"ancestorTitles":["EveSessionClient"],"fullName":"EveSessionClient fails loudly when Eve session creation times out","status":"passed","title":"fails loudly when Eve session creation times out","duration":1.9889160000000174,"failureMessages":[],"meta":{}},{"ancestorTitles":["EveSessionClient"],"fullName":"EveSessionClient requires configuration before any real network call","status":"passed","title":"requires configuration before any real network call","duration":0.45137499999998454,"failureMessages":[],"meta":{}},{"ancestorTitles":["EveSessionClient"],"fullName":"EveSessionClient defaults invalid env timeout values instead of disabling timeouts","status":"passed","title":"defaults invalid env timeout values instead of disabling timeouts","duration":0.22033299999998235,"failureMessages":[],"meta":{}},{"ancestorTitles":["EveSessionClient"],"fullName":"EveSessionClient prefers HTTP Basic auth over Bearer and sends the Vercel protection bypass header","status":"passed","title":"prefers HTTP Basic auth over Bearer and sends the Vercel protection bypass header","duration":0.4889580000000251,"failureMessages":[],"meta":{}},{"ancestorTitles":["EveSessionClient"],"fullName":"EveSessionClient keeps Bearer auth and omits the bypass header when basic/bypass env is absent","status":"passed","title":"keeps Bearer auth and omits the bypass header when basic/bypass env is absent","duration":0.2021249999999668,"failureMessages":[],"meta":{}},{"ancestorTitles":["EveSessionClient"],"fullName":"EveSessionClient wires basic auth and protection bypass from env","status":"passed","title":"wires basic auth and protection bypass from env","duration":0.052957999999989624,"failureMessages":[],"meta":{}},{"ancestorTitles":["EveSessionClient"],"fullName":"EveSessionClient parses NDJSON without treating blank lines as events","status":"passed","title":"parses NDJSON without treating blank lines as events","duration":0.053875000000005,"failureMessages":[],"meta":{}},{"ancestorTitles":["EveSessionClient live-tail stream reads"],"fullName":"EveSessionClient live-tail stream reads returns replayed events without waiting for the live tail to close (boundary event)","status":"passed","title":"returns replayed events without waiting for the live tail to close (boundary event)","duration":0.7134169999999926,"failureMessages":[],"meta":{}},{"ancestorTitles":["EveSessionClient live-tail stream reads"],"fullName":"EveSessionClient live-tail stream reads returns mid-turn replays after the idle window when no boundary event exists yet","status":"passed","title":"returns mid-turn replays after the idle window when no boundary event exists yet","duration":101.25116700000007,"failureMessages":[],"meta":{}},{"ancestorTitles":["EveSessionClient live-tail stream reads"],"fullName":"EveSessionClient live-tail stream reads drops a trailing partial line from an abandoned live tail but keeps it on a closed stream","status":"passed","title":"drops a trailing partial line from an abandoned live tail but keeps it on a closed stream","duration":102.47700000000009,"failureMessages":[],"meta":{}},{"ancestorTitles":["EveSessionClient live-tail stream reads"],"fullName":"EveSessionClient live-tail stream reads stops at a boundary event even when the tail keeps emitting later chunks","status":"passed","title":"stops at a boundary event even when the tail keeps emitting later chunks","duration":0.18425000000002,"failureMessages":[],"meta":{}}],"startTime":1783966686893,"endTime":1783966687108.477,"status":"passed","message":"","name":"/private/tmp/brainbase-meeting-source-owner-hint/tests/server/services/eve-session-client.test.js"}]}