{"numTotalTestSuites":13,"numPassedTestSuites":13,"numFailedTestSuites":0,"numPendingTestSuites":0,"numTotalTests":62,"numPassedTests":62,"numFailedTests":0,"numPendingTests":0,"numTodoTests":0,"snapshot":{"added":0,"failure":false,"filesAdded":0,"filesRemoved":0,"filesRemovedList":[],"filesUnmatched":0,"filesUpdated":0,"matched":0,"total":0,"unchecked":0,"uncheckedKeysByFile":[],"unmatched":0,"updated":0,"didUpdate":false},"startTime":1783966681791,"success":true,"testResults":[{"assertionResults":[{"ancestorTitles":["MeetingSourceMcpSyncService"],"fullName":"MeetingSourceMcpSyncService normalizes MCP source artifacts into source_event-ready fields","status":"passed","title":"normalizes MCP source artifacts into source_event-ready fields","duration":1.4087910000000647,"failureMessages":[],"meta":{}},{"ancestorTitles":["MeetingSourceMcpSyncService"],"fullName":"MeetingSourceMcpSyncService story-meeting-note-generation-dag-wiring AC-001 S-001 expands JSON segment transcripts into speaker-attributed plain text","status":"passed","title":"story-meeting-note-generation-dag-wiring AC-001 S-001 expands JSON segment transcripts into speaker-attributed plain text","duration":0.27108399999997346,"failureMessages":[],"meta":{}},{"ancestorTitles":["MeetingSourceMcpSyncService"],"fullName":"MeetingSourceMcpSyncService story-meeting-note-generation-dag-wiring AC-001 falls back to speakerless lines and ignores empty segments","status":"passed","title":"story-meeting-note-generation-dag-wiring AC-001 falls back to speakerless lines and ignores empty segments","duration":0.07904200000007222,"failureMessages":[],"meta":{}},{"ancestorTitles":["MeetingSourceMcpSyncService"],"fullName":"MeetingSourceMcpSyncService story-meeting-note-generation-dag-wiring AC-002 keeps the raw payload when every segment is empty","status":"passed","title":"story-meeting-note-generation-dag-wiring AC-002 keeps the raw payload when every segment is empty","duration":0.26045799999997143,"failureMessages":[],"meta":{}},{"ancestorTitles":["MeetingSourceMcpSyncService"],"fullName":"MeetingSourceMcpSyncService story-meeting-note-generation-dag-wiring AC-002 leaves plain-text and non-segment JSON transcripts unchanged","status":"passed","title":"story-meeting-note-generation-dag-wiring AC-002 leaves plain-text and non-segment JSON transcripts unchanged","duration":0.16295800000000327,"failureMessages":[],"meta":{}},{"ancestorTitles":["MeetingSourceMcpSyncService"],"fullName":"MeetingSourceMcpSyncService keeps provider-generated notes out of authoritative transcript fields","status":"passed","title":"keeps provider-generated notes out of authoritative transcript fields","duration":0.12654200000008586,"failureMessages":[],"meta":{}},{"ancestorTitles":["MeetingSourceMcpSyncService"],"fullName":"MeetingSourceMcpSyncService deduplicates Tactiq and Plaud artifacts and prefers Tactiq for online meetings","status":"passed","title":"deduplicates Tactiq and Plaud artifacts and prefers Tactiq for online meetings","duration":0.7235829999999623,"failureMessages":[],"meta":{}},{"ancestorTitles":["MeetingSourceMcpSyncService"],"fullName":"MeetingSourceMcpSyncService keeps provider failures isolated during dry-run preview","status":"passed","title":"keeps provider failures isolated during dry-run preview","duration":49.39604099999997,"failureMessages":[],"meta":{}},{"ancestorTitles":["MeetingSourceMcpSyncService"],"fullName":"MeetingSourceMcpSyncService does not create Meeting Pack candidates from provider notes without transcripts","status":"passed","title":"does not create Meeting Pack candidates from provider notes without transcripts","duration":37.429666999999995,"failureMessages":[],"meta":{}},{"ancestorTitles":["MeetingSourceMcpSyncService"],"fullName":"MeetingSourceMcpSyncService confirms a preview into Meeting Pack drafts and advances only successful provider cursors","status":"passed","title":"confirms a preview into Meeting Pack drafts and advances only successful provider cursors","duration":43.15195799999992,"failureMessages":[],"meta":{}},{"ancestorTitles":["MeetingSourceMcpSyncService"],"fullName":"MeetingSourceMcpSyncService persists one transcript copy during preview and compacts it after submit","status":"passed","title":"persists one transcript copy during preview and compacts it after submit","duration":31.07312499999989,"failureMessages":[],"meta":{}},{"ancestorTitles":["MeetingSourceMcpSyncService"],"fullName":"MeetingSourceMcpSyncService compacts legacy submitted previews and prunes expired or excess preview records on load","status":"passed","title":"compacts legacy submitted previews and prunes expired or excess preview records on load","duration":10.004292000000078,"failureMessages":[],"meta":{}},{"ancestorTitles":["MeetingSourceMcpSyncService"],"fullName":"MeetingSourceMcpSyncService keeps draft-only previews reusable until they are submitted","status":"passed","title":"keeps draft-only previews reusable until they are submitted","duration":37.08275000000003,"failureMessages":[],"meta":{}},{"ancestorTitles":["MeetingSourceMcpSyncService"],"fullName":"MeetingSourceMcpSyncService rejects a preview whose persisted payload exceeds the byte limit","status":"passed","title":"rejects a preview whose persisted payload exceeds the byte limit","duration":17.40579200000002,"failureMessages":[],"meta":{}},{"ancestorTitles":["MeetingSourceMcpSyncService"],"fullName":"MeetingSourceMcpSyncService prunes oldest pending previews until the persisted byte budget is met","status":"passed","title":"prunes oldest pending previews until the persisted byte budget is met","duration":40.52716700000008,"failureMessages":[],"meta":{}},{"ancestorTitles":["MeetingSourceMcpSyncService"],"fullName":"MeetingSourceMcpSyncService keeps preview payload and cursor unchanged when submission fails","status":"passed","title":"keeps preview payload and cursor unchanged when submission fails","duration":26.585500000000025,"failureMessages":[],"meta":{}},{"ancestorTitles":["MeetingSourceMcpSyncService"],"fullName":"MeetingSourceMcpSyncService treats repeated confirmation of a compacted preview as idempotent","status":"passed","title":"treats repeated confirmation of a compacted preview as idempotent","duration":30.205458999999905,"failureMessages":[],"meta":{}},{"ancestorTitles":["MeetingSourceMcpSyncService"],"fullName":"MeetingSourceMcpSyncService saves state through a temporary file and atomic rename","status":"passed","title":"saves state through a temporary file and atomic rename","duration":19.087167000000022,"failureMessages":[],"meta":{}},{"ancestorTitles":["MeetingSourceMcpSyncService"],"fullName":"MeetingSourceMcpSyncService keeps provider cursors monotonic when overlap polling returns older artifacts","status":"passed","title":"keeps provider cursors monotonic when overlap polling returns older artifacts","duration":52.941791999999964,"failureMessages":[],"meta":{}},{"ancestorTitles":["MeetingSourceMcpSyncService"],"fullName":"MeetingSourceMcpSyncService does not advance cursors when confirm is draft-only","status":"passed","title":"does not advance cursors when confirm is draft-only","duration":30.823582999999985,"failureMessages":[],"meta":{}},{"ancestorTitles":["MeetingSourceMcpSyncService"],"fullName":"MeetingSourceMcpSyncService fails provider test when the MCP adapter is not configured","status":"passed","title":"fails provider test when the MCP adapter is not configured","duration":17.11954199999991,"failureMessages":[],"meta":{}},{"ancestorTitles":["MeetingSourceMcpSyncService"],"fullName":"MeetingSourceMcpSyncService runs scheduled sync from lookback window and submits only after scope is configured","status":"passed","title":"runs scheduled sync from lookback window and submits only after scope is configured","duration":37.970417,"failureMessages":[],"meta":{}},{"ancestorTitles":["MeetingSourceMcpSyncService"],"fullName":"MeetingSourceMcpSyncService advances scheduled sync cursors for provider notes without submitting Meeting Pack drafts","status":"passed","title":"advances scheduled sync cursors for provider notes without submitting Meeting Pack drafts","duration":40.156916000000024,"failureMessages":[],"meta":{}},{"ancestorTitles":["MeetingSourceMcpSyncService"],"fullName":"MeetingSourceMcpSyncService keeps scheduled sync as preview-only when project scope is not configured","status":"passed","title":"keeps scheduled sync as preview-only when project scope is not configured","duration":37.64133300000003,"failureMessages":[],"meta":{}}],"startTime":1783966682336,"endTime":1783966682898.6414,"status":"passed","message":"","name":"/private/tmp/brainbase-meeting-source-owner-hint/tests/server/meeting-source-mcp-sync-worker.test.js"},{"assertionResults":[{"ancestorTitles":["backfill Eve meeting-note dispatch CLI"],"fullName":"backfill Eve meeting-note dispatch CLI rejects --execute with no run ID before reading the ledger","status":"passed","title":"rejects --execute with no run ID before reading the ledger","duration":29.082750000000033,"failureMessages":[],"meta":{}},{"ancestorTitles":["backfill Eve meeting-note dispatch CLI"],"fullName":"backfill Eve meeting-note dispatch CLI rejects --execute with multiple run IDs before reading the ledger","status":"passed","title":"rejects --execute with multiple run IDs before reading the ledger","duration":23.879792000000066,"failureMessages":[],"meta":{}}],"startTime":1783966682313,"endTime":1783966682365.88,"status":"passed","message":"","name":"/private/tmp/brainbase-meeting-source-owner-hint/tests/unit/backfill-eve-meeting-note-dispatch.test.js"},{"assertionResults":[{"ancestorTitles":["extractMeetingNoteToolCalls"],"fullName":"extractMeetingNoteToolCalls collects record_meeting_note_generation tool-call inputs from actions.requested events","status":"passed","title":"collects record_meeting_note_generation tool-call inputs from actions.requested events","duration":1.293374999999969,"failureMessages":[],"meta":{}},{"ancestorTitles":["extractMeetingNoteToolCalls"],"fullName":"extractMeetingNoteToolCalls ignores malformed events without throwing","status":"passed","title":"ignores malformed events without throwing","duration":0.20949999999993452,"failureMessages":[],"meta":{}},{"ancestorTitles":["extractMeetingCandidatesToolCalls"],"fullName":"extractMeetingCandidatesToolCalls collects only record_meeting_candidates tool-call inputs, ignoring note calls","status":"passed","title":"collects only record_meeting_candidates tool-call inputs, ignoring note calls","duration":0.25783400000000256,"failureMessages":[],"meta":{}},{"ancestorTitles":["extractMeetingCandidatesToolCalls"],"fullName":"extractMeetingCandidatesToolCalls ignores malformed events without throwing","status":"passed","title":"ignores malformed events without throwing","duration":0.2736250000000382,"failureMessages":[],"meta":{}},{"ancestorTitles":["classifySessionStreamPhase"],"fullName":"classifySessionStreamPhase classifies parked, completed, failed, and in-progress streams","status":"passed","title":"classifies parked, completed, failed, and in-progress streams","duration":0.16833299999996143,"failureMessages":[],"meta":{}},{"ancestorTitles":["classifySessionStreamPhase"],"fullName":"classifySessionStreamPhase uses the terminal-most boundary event when a session resumed after parking","status":"passed","title":"uses the terminal-most boundary event when a session resumed after parking","duration":0.037583000000040556,"failureMessages":[],"meta":{}},{"ancestorTitles":["EveMeetingNoteReconciler"],"fullName":"EveMeetingNoteReconciler records the generated note from the session stream and closes the dispatch run","status":"passed","title":"records the generated note from the session stream and closes the dispatch run","duration":12.166832999999997,"failureMessages":[],"meta":{}},{"ancestorTitles":["EveMeetingNoteReconciler"],"fullName":"EveMeetingNoteReconciler rejects a note whose source_text_hash does not match the dispatch handoff","status":"passed","title":"rejects a note whose source_text_hash does not match the dispatch handoff","duration":2.664292000000046,"failureMessages":[],"meta":{}},{"ancestorTitles":["EveMeetingNoteReconciler"],"fullName":"EveMeetingNoteReconciler leaves in-progress sessions pending and retries on the next tick","status":"passed","title":"leaves in-progress sessions pending and retries on the next tick","duration":2.414583000000107,"failureMessages":[],"meta":{}},{"ancestorTitles":["EveMeetingNoteReconciler"],"fullName":"EveMeetingNoteReconciler blocks a dispatch run whose session parked without any note call","status":"passed","title":"blocks a dispatch run whose session parked without any note call","duration":2.19662500000004,"failureMessages":[],"meta":{}},{"ancestorTitles":["EveMeetingNoteReconciler"],"fullName":"EveMeetingNoteReconciler closes the dispatch run without re-recording when the note was already generated","status":"passed","title":"closes the dispatch run without re-recording when the note was already generated","duration":2.182125000000042,"failureMessages":[],"meta":{}},{"ancestorTitles":["EveMeetingNoteReconciler"],"fullName":"EveMeetingNoteReconciler blocks the dispatch run permanently when the record contract rejects the note (hash divergence after re-ingest)","status":"passed","title":"blocks the dispatch run permanently when the record contract rejects the note (hash divergence after re-ingest)","duration":1.886833999999908,"failureMessages":[],"meta":{}},{"ancestorTitles":["EveMeetingNoteReconciler"],"fullName":"EveMeetingNoteReconciler does not clobber a run that another writer closed while the stream was being read","status":"passed","title":"does not clobber a run that another writer closed while the stream was being read","duration":2.016124999999988,"failureMessages":[],"meta":{}},{"ancestorTitles":["EveMeetingNoteReconciler"],"fullName":"EveMeetingNoteReconciler preserves stream failure diagnostics when the recovery poll closes the run","status":"passed","title":"preserves stream failure diagnostics when the recovery poll closes the run","duration":2.620166999999924,"failureMessages":[],"meta":{}},{"ancestorTitles":["EveMeetingNoteReconciler"],"fullName":"EveMeetingNoteReconciler classifies a transient note write failure separately from stream polling","status":"passed","title":"classifies a transient note write failure separately from stream polling","duration":3.8772500000000036,"failureMessages":[],"meta":{}},{"ancestorTitles":["EveMeetingNoteReconciler"],"fullName":"EveMeetingNoteReconciler skips entirely when the eve session client is not configured","status":"passed","title":"skips entirely when the eve session client is not configured","duration":0.0903329999999869,"failureMessages":[],"meta":{}},{"ancestorTitles":["EveMeetingNoteReconciler"],"fullName":"EveMeetingNoteReconciler does not pick up non-eve or already finished runs","status":"passed","title":"does not pick up non-eve or already finished runs","duration":1.7031659999998965,"failureMessages":[],"meta":{}},{"ancestorTitles":["EveMeetingNoteReconciler"],"fullName":"EveMeetingNoteReconciler startScheduledReconcile honors enabled/configured guards","status":"passed","title":"startScheduledReconcile honors enabled/configured guards","duration":0.18537499999990814,"failureMessages":[],"meta":{}},{"ancestorTitles":["WorkflowService.recordMeetingCandidates"],"fullName":"WorkflowService.recordMeetingCandidates normalizes and writes Eve candidates onto the sibling outputs when the hash matches","status":"passed","title":"normalizes and writes Eve candidates onto the sibling outputs when the hash matches","duration":2.5185000000000173,"failureMessages":[],"meta":{}},{"ancestorTitles":["WorkflowService.recordMeetingCandidates"],"fullName":"WorkflowService.recordMeetingCandidates rejects candidates whose source_text_hash does not match the meeting_note_draft output","status":"passed","title":"rejects candidates whose source_text_hash does not match the meeting_note_draft output","duration":1.118333000000007,"failureMessages":[],"meta":{}},{"ancestorTitles":["WorkflowService.recordMeetingCandidates"],"fullName":"WorkflowService.recordMeetingCandidates rejects malformed candidate payloads before changing any output or audit history","status":"passed","title":"rejects malformed candidate payloads before changing any output or audit history","duration":2.490750000000048,"failureMessages":[],"meta":{}},{"ancestorTitles":["WorkflowService.recordMeetingCandidates"],"fullName":"WorkflowService.recordMeetingCandidates rolls back all candidate outputs and audit history when a mid-write update fails","status":"passed","title":"rolls back all candidate outputs and audit history when a mid-write update fails","duration":2.0142090000000508,"failureMessages":[],"meta":{}},{"ancestorTitles":["EveMeetingNoteReconciler candidate write-back"],"fullName":"EveMeetingNoteReconciler candidate write-back records LLM candidates from the same session after the note and closes on the note","status":"passed","title":"records LLM candidates from the same session after the note and closes on the note","duration":2.296000000000049,"failureMessages":[],"meta":{}},{"ancestorTitles":["EveMeetingNoteReconciler candidate write-back"],"fullName":"EveMeetingNoteReconciler candidate write-back keeps an Eve candidate unassigned when People SSOT has multiple matching owners","status":"passed","title":"keeps an Eve candidate unassigned when People SSOT has multiple matching owners","duration":3.064707999999996,"failureMessages":[],"meta":{}},{"ancestorTitles":["EveMeetingNoteReconciler candidate write-back"],"fullName":"EveMeetingNoteReconciler candidate write-back closes on the note even when no candidate tool-call is present (candidates are best-effort)","status":"passed","title":"closes on the note even when no candidate tool-call is present (candidates are best-effort)","duration":2.4482920000000377,"failureMessages":[],"meta":{}},{"ancestorTitles":["EveMeetingNoteReconciler candidate write-back"],"fullName":"EveMeetingNoteReconciler candidate write-back does not block the dispatch run when a candidate write-back is rejected (hash mismatch)","status":"passed","title":"does not block the dispatch run when a candidate write-back is rejected (hash mismatch)","duration":1.8120420000000195,"failureMessages":[],"meta":{}},{"ancestorTitles":["EveMeetingNoteReconciler candidate write-back"],"fullName":"EveMeetingNoteReconciler candidate write-back rejects candidate calls outside the exact org, project, and run scope","status":"passed","title":"rejects candidate calls outside the exact org, project, and run scope","duration":1.6992910000000165,"failureMessages":[],"meta":{}},{"ancestorTitles":["EveMeetingNoteReconciler candidate write-back"],"fullName":"EveMeetingNoteReconciler candidate write-back preserves the excluded candidate count when a matching call is also recorded","status":"passed","title":"preserves the excluded candidate count when a matching call is also recorded","duration":2.045166999999992,"failureMessages":[],"meta":{}},{"ancestorTitles":["EveMeetingNoteReconciler candidate write-back"],"fullName":"EveMeetingNoteReconciler candidate write-back blocks for operator recovery when a matching candidate write-back throws","status":"passed","title":"blocks for operator recovery when a matching candidate write-back throws","duration":1.9256659999999783,"failureMessages":[],"meta":{}},{"ancestorTitles":["EveMeetingNoteReconciler candidate write-back"],"fullName":"EveMeetingNoteReconciler candidate write-back recovers candidates when the meeting note was already recorded before reconciliation","status":"passed","title":"recovers candidates when the meeting note was already recorded before reconciliation","duration":2.044999999999959,"failureMessages":[],"meta":{}},{"ancestorTitles":["EveMeetingNoteReconciler candidate write-back"],"fullName":"EveMeetingNoteReconciler candidate write-back keeps polling when the note arrives before candidates in an active session","status":"passed","title":"keeps polling when the note arrives before candidates in an active session","duration":2.4437500000000227,"failureMessages":[],"meta":{}},{"ancestorTitles":["EveMeetingNoteReconciler candidate write-back"],"fullName":"EveMeetingNoteReconciler candidate write-back FM-002 workflow_state_regression retries candidate write-back while the Eve session is active","status":"passed","title":"FM-002 workflow_state_regression retries candidate write-back while the Eve session is active","duration":2.3525419999999713,"failureMessages":[],"meta":{}},{"ancestorTitles":["POST /api/workflows/control/meeting-pack/eve-note-reconcile"],"fullName":"POST /api/workflows/control/meeting-pack/eve-note-reconcile runs the reconciler once and returns the summary","status":"passed","title":"runs the reconciler once and returns the summary","duration":16.098625000000084,"failureMessages":[],"meta":{}},{"ancestorTitles":["POST /api/workflows/control/meeting-pack/eve-note-reconcile"],"fullName":"POST /api/workflows/control/meeting-pack/eve-note-reconcile rejects non-global-operator actors with 403","status":"passed","title":"rejects non-global-operator actors with 403","duration":1.9450830000000678,"failureMessages":[],"meta":{}},{"ancestorTitles":["POST /api/workflows/control/meeting-pack/eve-note-reconcile"],"fullName":"POST /api/workflows/control/meeting-pack/eve-note-reconcile returns 503 when the reconciler is not wired","status":"passed","title":"returns 503 when the reconciler is not wired","duration":1.2954999999999472,"failureMessages":[],"meta":{}},{"ancestorTitles":["createEveMeetingNoteReconcilerConfigFromEnv"],"fullName":"createEveMeetingNoteReconcilerConfigFromEnv defaults to enabled and reads interval/immediate overrides","status":"passed","title":"defaults to enabled and reads interval/immediate overrides","duration":0.06829199999992852,"failureMessages":[],"meta":{}}],"startTime":1783966682479,"endTime":1783966682566.0684,"status":"passed","message":"","name":"/private/tmp/brainbase-meeting-source-owner-hint/tests/server/services/eve-meeting-note-reconciler.test.js"}]}